Wheeler Portable Batch System Prologue
Job Id: 1735490.wheeler-sn.alliance.unm.edu
Username: jtran989
Job 1735490.wheeler-sn.alliance.unm.edu running on nodes:
wheeler085 wheeler076 wheeler038 wheeler037 

prologue running on host: wheeler085
Agent pid 16643
Identity added: /users/jtran989/.ssh/true_id_rsa (/users/jtran989/.ssh/true_id_rsa)
Agent pid 1905
Agent pid 1733
Agent pid 29152
Identity added: /users/jtran989/.ssh/true_id_rsa (/users/jtran989/.ssh/true_id_rsa)
Identity added: /users/jtran989/.ssh/true_id_rsa (/users/jtran989/.ssh/true_id_rsa)
Identity added: /users/jtran989/.ssh/true_id_rsa (/users/jtran989/.ssh/true_id_rsa)
tol: 1e-15
new communication (chunks with multiple messages): True
chunk size: 400
number of processes: 32
Nt values: [1024]
N values: [128]
T: 0.25
n_local: 512
r0 norm: 3.3040954325076526e-05
n_local: 512
rk norm: 1.7114534350889858e-13
Residual ratio: 5.179794197984389e-09
First time step
did NOT converge
n_local: 512
r0 norm: 0.05555210579788927
n_local: 512
rk norm: 7.301230824437272e-13
Residual ratio: 1.314303160892001e-11
Last time step
did NOT converge
timing 0: 486.78871297836304
Nt, N, Error is:  1024,  128,  7.944603805641276e-07
/var/lib/torque/server_priv/accounting/20211214: No such file or directory
/var/lib/torque/server_logs/20211214: No such file or directory
/var/lib/torque/mom_logs/20211214: No matching job records located
/var/lib/torque/sched_logs/20211214: No such file or directory
Wheeler Portable Batch System Epilogue
