Wheeler Portable Batch System Prologue
Job Id: 1729232.wheeler-sn.alliance.unm.edu
Username: jtran989
Job 1729232.wheeler-sn.alliance.unm.edu running on nodes:
wheeler212 wheeler211 wheeler210 wheeler207 wheeler202 wheeler197 wheeler196 wheeler195 

prologue running on host: wheeler212
Agent pid 518
Identity added: /users/jtran989/.ssh/true_id_rsa (/users/jtran989/.ssh/true_id_rsa)
Agent pid 622
Agent pid 13176
Agent pid 16472
Agent pid 1530
Identity added: /users/jtran989/.ssh/true_id_rsa (/users/jtran989/.ssh/true_id_rsa)
Identity added: /users/jtran989/.ssh/true_id_rsa (/users/jtran989/.ssh/true_id_rsa)
Identity added: /users/jtran989/.ssh/true_id_rsa (/users/jtran989/.ssh/true_id_rsa)
Identity added: /users/jtran989/.ssh/true_id_rsa (/users/jtran989/.ssh/true_id_rsa)
Agent pid 16512
Agent pid 3927
Agent pid 15011
Identity added: /users/jtran989/.ssh/true_id_rsa (/users/jtran989/.ssh/true_id_rsa)
Identity added: /users/jtran989/.ssh/true_id_rsa (/users/jtran989/.ssh/true_id_rsa)
Identity added: /users/jtran989/.ssh/true_id_rsa (/users/jtran989/.ssh/true_id_rsa)
timing: 464.4623782634735
Nt, N, Error is:  1024,  384,  1.0264187778677122e-07
number of processes: 64
Wheeler Portable Batch System Epilogue
