Wheeler Portable Batch System Prologue
Job Id: 1735482.wheeler-sn.alliance.unm.edu
Username: jtran989
Job 1735482.wheeler-sn.alliance.unm.edu running on nodes:
wheeler032 wheeler031 

prologue running on host: wheeler032
Agent pid 2540
Identity added: /users/jtran989/.ssh/true_id_rsa (/users/jtran989/.ssh/true_id_rsa)
Agent pid 19043
Identity added: /users/jtran989/.ssh/true_id_rsa (/users/jtran989/.ssh/true_id_rsa)
tol: 1e-15
new communication (chunks with multiple messages): True
chunk size: 400
number of processes: 16
Nt values: [1024]
N values: [128]
T: 0.25
n_local: 1024
r0 norm: 3.3040954323911096e-05
n_local: 1024
rk norm: 1.7225353358558025e-13
Residual ratio: 5.213334091289358e-09
First time step
did NOT converge
n_local: 1024
r0 norm: 0.05555210579788979
n_local: 1024
rk norm: 7.298144717456491e-13
Residual ratio: 1.3137476271392252e-11
Last time step
did NOT converge
timing 0: 608.8834969997406
Nt, N, Error is:  1024,  128,  7.944603805726507e-07
/var/lib/torque/server_priv/accounting/20211214: No such file or directory
/var/lib/torque/server_logs/20211214: No such file or directory
/var/lib/torque/mom_logs/20211214: No matching job records located
/var/lib/torque/sched_logs/20211214: No such file or directory
Wheeler Portable Batch System Epilogue
