Wheeler Portable Batch System Prologue
Job Id: 1735153.wheeler-sn.alliance.unm.edu
Username: jtran989
Job 1735153.wheeler-sn.alliance.unm.edu running on nodes:
wheeler107 wheeler093 wheeler091 wheeler090 wheeler087 wheeler086 wheeler071 wheeler070 

prologue running on host: wheeler107
Agent pid 29450
Identity added: /users/jtran989/.ssh/true_id_rsa (/users/jtran989/.ssh/true_id_rsa)
Agent pid 29782
Agent pid 28530
Identity added: /users/jtran989/.ssh/true_id_rsa (/users/jtran989/.ssh/true_id_rsa)
Identity added: /users/jtran989/.ssh/true_id_rsa (/users/jtran989/.ssh/true_id_rsa)
Agent pid 6296
Identity added: /users/jtran989/.ssh/true_id_rsa (/users/jtran989/.ssh/true_id_rsa)
Agent pid 9280
Agent pid 8186
Identity added: /users/jtran989/.ssh/true_id_rsa (/users/jtran989/.ssh/true_id_rsa)
Identity added: /users/jtran989/.ssh/true_id_rsa (/users/jtran989/.ssh/true_id_rsa)
Agent pid 19164
Agent pid 2874
Identity added: /users/jtran989/.ssh/true_id_rsa (/users/jtran989/.ssh/true_id_rsa)
Identity added: /users/jtran989/.ssh/true_id_rsa (/users/jtran989/.ssh/true_id_rsa)
tol: 0.0001
number of processes: 64
Nt values: [1024]
N values: [128]
T: 0.25
b: [ 9.13524431e+00  5.06522544e+00  5.05771102e+00  5.04719707e+00
  5.03368983e+00  5.01719731e+00  4.99772929e+00  4.97529732e+00
  4.94991469e+00  4.92159646e+00  4.89035943e+00  4.85622213e+00
  4.81920479e+00  4.77932937e+00  4.73661952e+00  4.69110057e+00
  4.64279952e+00  4.59174500e+00  4.53796730e+00  4.48149832e+00
  4.42237153e+00  4.36062201e+00  4.29628639e+00  4.22940280e+00
  4.16001092e+00  4.08815191e+00  4.01386837e+00  3.93720437e+00
  3.85820537e+00  3.77691822e+00  3.69339113e+00  3.60767364e+00
  3.51981658e+00  3.42987205e+00  3.33789341e+00  3.24393519e+00
  3.14805312e+00  3.05030407e+00  2.95074600e+00  2.84943796e+00
  2.74644004e+00  2.64181331e+00  2.53561982e+00  2.42792256e+00
  2.31878540e+00  2.20827305e+00  2.09645107e+00  1.98338576e+00
  1.86914419e+00  1.75379410e+00  1.63740391e+00  1.52004264e+00
  1.40177989e+00  1.28268580e+00  1.16283100e+00  1.04228657e+00
  9.21124000e-01  7.99415150e-01  6.77232199e-01  5.54647608e-01
  4.31734078e-01  3.08564503e-01  1.85211931e-01  6.17495175e-02
 -6.17495175e-02 -1.85211931e-01 -3.08564503e-01 -4.31734078e-01
 -5.54647608e-01 -6.77232199e-01 -7.99415150e-01 -9.21124000e-01
 -1.04228657e+00 -1.16283100e+00 -1.28268580e+00 -1.40177989e+00
 -1.52004264e+00 -1.63740391e+00 -1.75379410e+00 -1.86914419e+00
 -1.98338576e+00 -2.09645107e+00 -2.20827305e+00 -2.31878540e+00
 -2.42792256e+00 -2.53561982e+00 -2.64181331e+00 -2.74644004e+00
 -2.84943796e+00 -2.95074600e+00 -3.05030407e+00 -3.14805312e+00
 -3.24393519e+00 -3.33789341e+00 -3.42987205e+00 -3.51981658e+00
 -3.60767364e+00 -3.69339113e+00 -3.77691822e+00 -3.85820537e+00
 -3.93720437e+00 -4.01386837e+00 -4.08815191e+00 -4.16001092e+00
 -4.22940280e+00 -4.29628639e+00 -4.36062201e+00 -4.42237153e+00
 -4.48149832e+00 -4.53796730e+00 -4.59174500e+00 -4.64279952e+00
 -4.69110057e+00 -4.73661952e+00 -4.77932937e+00 -4.81920479e+00
 -4.85622213e+00 -4.89035943e+00 -4.92159646e+00 -4.94991469e+00
 -4.97529732e+00 -4.99772929e+00 -5.01719731e+00 -5.03368983e+00
 -5.04719707e+00 -5.05771102e+00 -5.06522544e+00 -9.13524431e+00
  5.06522544e+00  1.00244135e+00  1.00095419e+00  9.98873414e-01
  9.96200243e-01  9.92936265e-01  9.89083416e-01  9.84643981e-01
  9.79620593e-01  9.74016230e-01  9.67834217e-01  9.61078220e-01
  9.53752246e-01  9.45860639e-01  9.37408080e-01  9.28399581e-01
  9.18840485e-01  9.08736461e-01  8.98093502e-01  8.86917919e-01
  8.75216341e-01  8.62995706e-01  8.50263263e-01  8.37026563e-01
  8.23293455e-01  8.09072084e-01  7.94370885e-01  7.79198577e-01
  7.63564156e-01  7.47476896e-01  7.30946337e-01  7.13982282e-01
  6.96594794e-01  6.78794182e-01  6.60591005e-01  6.41996057e-01
  6.23020367e-01  6.03675188e-01  5.83971993e-01  5.63922468e-01
  5.43538503e-01  5.22832186e-01  5.01815799e-01  4.80501805e-01
  4.58902844e-01  4.37031726e-01  4.14901421e-01  3.92525056e-01
  3.69915899e-01  3.47087360e-01  3.24052977e-01  3.00826411e-01
  2.77421436e-01  2.53851935e-01  2.30131883e-01  2.06275350e-01
  1.82296483e-01  1.58209503e-01  1.34028695e-01  1.09768401e-01
  8.54430066e-02  6.10669396e-02  3.66546564e-02  1.22206346e-02
 -1.22206346e-02 -3.66546564e-02 -6.10669396e-02 -8.54430066e-02
 -1.09768401e-01 -1.34028695e-01 -1.58209503e-01 -1.82296483e-01
 -2.06275350e-01 -2.30131883e-01 -2.53851935e-01 -2.77421436e-01
 -3.00826411e-01 -3.24052977e-01 -3.47087360e-01 -3.69915899e-01
 -3.92525056e-01 -4.14901421e-01 -4.37031726e-01 -4.58902844e-01
 -4.80501805e-01 -5.01815799e-01 -5.22832186e-01 -5.43538503e-01
 -5.63922468e-01 -5.83971993e-01 -6.03675188e-01 -6.23020367e-01
 -6.41996057e-01 -6.60591005e-01 -6.78794182e-01 -6.96594794e-01
 -7.13982282e-01 -7.30946337e-01 -7.47476896e-01 -7.63564156e-01
 -7.79198577e-01 -7.94370885e-01 -8.09072084e-01 -8.23293455e-01
 -8.37026563e-01 -8.50263263e-01 -8.62995706e-01 -8.75216341e-01
 -8.86917919e-01 -8.98093502e-01 -9.08736461e-01 -9.18840485e-01
 -9.28399581e-01 -9.37408080e-01 -9.45860639e-01 -9.53752246e-01
 -9.61078220e-01 -9.67834217e-01 -9.74016230e-01 -9.79620593e-01
 -9.84643981e-01 -9.89083416e-01 -9.92936265e-01 -9.96200243e-01
 -9.98873414e-01 -1.00095419e+00 -1.00244135e+00 -5.06522544e+00
  4.06067447e+00  4.80469076e-03  4.79756285e-03  4.78758970e-03
  4.77477722e-03  4.75913301e-03  4.74066634e-03  4.71938818e-03
  4.69531113e-03  4.66844948e-03  4.63881916e-03  4.60643774e-03
  4.57132442e-03  4.53350003e-03  4.49298700e-03  4.44980936e-03
  4.40399272e-03  4.35556424e-03  4.30455265e-03  4.25098820e-03
  4.19490266e-03  4.13632929e-03  4.07530282e-03  4.01185945e-03
  3.94603681e-03  3.87787394e-03  3.80741125e-03  3.73469053e-03
  3.65975492e-03  3.58264885e-03  3.50341806e-03  3.42210952e-03
  3.33877147e-03  3.25345333e-03  3.16620569e-03  3.07708030e-03
  2.98613002e-03  2.89340879e-03  2.79897158e-03  2.70287442e-03
  2.60517429e-03  2.50592913e-03  2.40519781e-03  2.30304006e-03
  2.19951647e-03  2.09468843e-03  1.98861812e-03  1.88136844e-03
  1.77300299e-03  1.66358604e-03  1.55318249e-03  1.44185780e-03
  1.32967801e-03  1.21670964e-03  1.10301968e-03  9.88675569e-04
  8.73745113e-04  7.58296474e-04  6.42398118e-04  5.26118782e-04
  4.09527426e-04  2.92693195e-04  1.75685380e-04  5.85733725e-05
 -5.85733725e-05 -1.75685380e-04 -2.92693195e-04 -4.09527426e-04
 -5.26118782e-04 -6.42398118e-04 -7.58296474e-04 -8.73745113e-04
 -9.88675569e-04 -1.10301968e-03 -1.21670964e-03 -1.32967801e-03
 -1.44185780e-03 -1.55318249e-03 -1.66358604e-03 -1.77300299e-03
 -1.88136844e-03 -1.98861812e-03 -2.09468843e-03 -2.19951647e-03
 -2.30304006e-03 -2.40519781e-03 -2.50592913e-03 -2.60517429e-03
 -2.70287442e-03 -2.79897158e-03 -2.89340879e-03 -2.98613002e-03
 -3.07708030e-03 -3.16620569e-03 -3.25345333e-03 -3.33877147e-03
 -3.42210952e-03 -3.50341806e-03 -3.58264885e-03 -3.65975492e-03
 -3.73469053e-03 -3.80741125e-03 -3.87787394e-03 -3.94603681e-03
 -4.01185945e-03 -4.07530282e-03 -4.13632929e-03 -4.19490266e-03
 -4.25098820e-03 -4.30455265e-03 -4.35556424e-03 -4.40399272e-03
 -4.44980936e-03 -4.49298700e-03 -4.53350003e-03 -4.57132442e-03
 -4.60643774e-03 -4.63881916e-03 -4.66844948e-03 -4.69531113e-03
 -4.71938818e-03 -4.74066634e-03 -4.75913301e-03 -4.77477722e-03
 -4.78758970e-03 -4.79756285e-03 -4.80469076e-03 -4.06067447e+00
  4.05223316e+00  4.79470279e-03  4.78758970e-03  4.77763728e-03
  4.76485144e-03  4.74923975e-03  4.73081147e-03  4.70957754e-03
  4.68555054e-03  4.65874473e-03  4.62917600e-03  4.59686189e-03
  4.56182157e-03  4.52407581e-03  4.48364700e-03  4.44055912e-03
  4.39483772e-03  4.34650991e-03  4.29560437e-03  4.24215127e-03
  4.18618231e-03  4.12773070e-03  4.06683110e-03  4.00351962e-03
  3.93783381e-03  3.86981263e-03  3.79949642e-03  3.72692687e-03
  3.65214704e-03  3.57520126e-03  3.49613517e-03  3.41499566e-03
  3.33183085e-03  3.24669007e-03  3.15962380e-03  3.07068368e-03
  2.97992247e-03  2.88739398e-03  2.79315309e-03  2.69725570e-03
  2.59975867e-03  2.50071982e-03  2.40019790e-03  2.29825251e-03
  2.19494413e-03  2.09033401e-03  1.98448419e-03  1.87745746e-03
  1.76931728e-03  1.66012779e-03  1.54995374e-03  1.43886047e-03
  1.32691388e-03  1.21418035e-03  1.10072673e-03  9.86620315e-04
  8.71928776e-04  7.56720130e-04  6.41062704e-04  5.25025089e-04
  4.08676102e-04  2.92084746e-04  1.75320166e-04  5.84516104e-05
 -5.84516104e-05 -1.75320166e-04 -2.92084746e-04 -4.08676102e-04
 -5.25025089e-04 -6.41062704e-04 -7.56720130e-04 -8.71928776e-04
 -9.86620315e-04 -1.10072673e-03 -1.21418035e-03 -1.32691388e-03
 -1.43886047e-03 -1.54995374e-03 -1.66012779e-03 -1.76931728e-03
 -1.87745746e-03 -1.98448419e-03 -2.09033401e-03 -2.19494413e-03
 -2.29825251e-03 -2.40019790e-03 -2.50071982e-03 -2.59975867e-03
 -2.69725570e-03 -2.79315309e-03 -2.88739398e-03 -2.97992247e-03
 -3.07068368e-03 -3.15962380e-03 -3.24669007e-03 -3.33183085e-03
 -3.41499566e-03 -3.49613517e-03 -3.57520126e-03 -3.65214704e-03
 -3.72692687e-03 -3.79949642e-03 -3.86981263e-03 -3.93783381e-03
 -4.00351962e-03 -4.06683110e-03 -4.12773070e-03 -4.18618231e-03
 -4.24215127e-03 -4.29560437e-03 -4.34650991e-03 -4.39483772e-03
 -4.44055912e-03 -4.48364700e-03 -4.52407581e-03 -4.56182157e-03
 -4.59686189e-03 -4.62917600e-03 -4.65874473e-03 -4.68555054e-03
 -4.70957754e-03 -4.73081147e-03 -4.74923975e-03 -4.76485144e-03
 -4.77763728e-03 -4.78758970e-03 -4.79470279e-03 -4.05223316e+00]
x0: [ 0.99940703  0.99851788  0.99703654  0.99496391  0.9923012   0.98905
  0.98521223  0.98079017  0.97578644  0.97020401  0.9640462   0.95731664
  0.95001934  0.94215862  0.93373914  0.9247659   0.91524422  0.90517974
  0.89457844  0.8834466   0.87179082  0.85961802  0.84693541  0.83375051
  0.82007115  0.80590545  0.79126179  0.77614886  0.76057563  0.74455134
  0.72808548  0.71118782  0.69386838  0.67613744  0.65800551  0.63948334
  0.62058192  0.60131245  0.58168638  0.56171532  0.54141114  0.52078587
  0.49985173  0.47862116  0.45710674  0.43532122  0.41327753  0.39098875
  0.36846808  0.34572889  0.32278466  0.299649    0.27633563  0.25285838
  0.22923117  0.20546801  0.18158299  0.15759028  0.13350412  0.10933878
  0.08510859  0.06082793  0.03651119  0.0121728  -0.0121728  -0.03651119
 -0.06082793 -0.08510859 -0.10933878 -0.13350412 -0.15759028 -0.18158299
 -0.20546801 -0.22923117 -0.25285838 -0.27633563 -0.299649   -0.32278466
 -0.34572889 -0.36846808 -0.39098875 -0.41327753 -0.43532122 -0.45710674
 -0.47862116 -0.49985173 -0.52078587 -0.54141114 -0.56171532 -0.58168638
 -0.60131245 -0.62058192 -0.63948334 -0.65800551 -0.67613744 -0.69386838
 -0.71118782 -0.72808548 -0.74455134 -0.76057563 -0.77614886 -0.79126179
 -0.80590545 -0.82007115 -0.83375051 -0.84693541 -0.85961802 -0.87179082
 -0.8834466  -0.89457844 -0.90517974 -0.91524422 -0.9247659  -0.93373914
 -0.94215862 -0.95001934 -0.95731664 -0.9640462  -0.97020401 -0.97578644
 -0.98079017 -0.98521223 -0.98905    -0.9923012  -0.99496391 -0.99703654
 -0.99851788 -0.99940703  0.99851788  0.99762952  0.9961495   0.99407871
  0.99141837  0.98817006  0.98433571  0.97991758  0.97491831  0.96934084
  0.96318851  0.95646494  0.94917413  0.9413204   0.93290842  0.92394316
  0.91442995  0.90437443  0.89378255  0.88266062  0.87101521  0.85885323
  0.84618191  0.83300874  0.81934156  0.80518845  0.79055782  0.77545834
  0.75989896  0.74388892  0.72743771  0.71055509  0.69325106  0.67553589
  0.65742009  0.6389144   0.6200298   0.60077748  0.58116886  0.56121558
  0.54092946  0.52032253  0.49940703  0.47819534  0.45670006  0.43493392
  0.41290985  0.39064089  0.36814026  0.3454213   0.32249749  0.29938241
  0.27608978  0.25263342  0.22902722  0.20528521  0.18142144  0.15745008
  0.13338534  0.1092415   0.08503287  0.06077381  0.03647871  0.01216197
 -0.01216197 -0.03647871 -0.06077381 -0.08503287 -0.1092415  -0.13338534
 -0.15745008 -0.18142144 -0.20528521 -0.22902722 -0.25263342 -0.27608978
 -0.29938241 -0.32249749 -0.3454213  -0.36814026 -0.39064089 -0.41290985
 -0.43493392 -0.45670006 -0.47819534 -0.49940703 -0.52032253 -0.54092946
 -0.56121558 -0.58116886 -0.60077748 -0.6200298  -0.6389144  -0.65742009
 -0.67553589 -0.69325106 -0.71055509 -0.72743771 -0.74388892 -0.75989896
 -0.77545834 -0.79055782 -0.80518845 -0.81934156 -0.83300874 -0.84618191
 -0.85885323 -0.87101521 -0.88266062 -0.89378255 -0.90437443 -0.91442995
 -0.92394316 -0.93290842 -0.9413204  -0.94917413 -0.95646494 -0.96318851
 -0.96934084 -0.97491831 -0.97991758 -0.98433571 -0.98817006 -0.99141837
 -0.99407871 -0.9961495  -0.99762952 -0.99851788  0.99703654  0.9961495
  0.99467168  0.99260397  0.98994757  0.98670408  0.98287541  0.97846384
  0.97347198  0.9679028   0.96175959  0.95504599  0.947766    0.93992393
  0.93152442  0.92257246  0.91307336  0.90303276  0.8924566   0.88135116
  0.86972303  0.8575791   0.84492657  0.83177295  0.81812604  0.80399393
  0.789385    0.77430792  0.75877163  0.74278534  0.72635854  0.70950096
  0.6922226   0.67453372  0.65644479  0.63796656  0.61910997  0.59988621
  0.58030668  0.560383    0.54012697  0.51955062  0.49866614  0.47748593
  0.45602253  0.43428869  0.41229728  0.39006136  0.36759411  0.34490886
  0.32201905  0.29893827  0.2756802   0.25225863  0.22868746  0.20498066
  0.1811523   0.1572165   0.13318746  0.10907944  0.08490672  0.06068365
  0.03642459  0.01214393 -0.01214393 -0.03642459 -0.06068365 -0.08490672
 -0.10907944 -0.13318746 -0.1572165  -0.1811523  -0.20498066 -0.22868746
 -0.25225863 -0.2756802  -0.29893827 -0.32201905 -0.34490886 -0.36759411
 -0.39006136 -0.41229728 -0.43428869 -0.45602253 -0.47748593 -0.49866614
 -0.51955062 -0.54012697 -0.560383   -0.58030668 -0.59988621 -0.61910997
 -0.63796656 -0.65644479 -0.67453372 -0.6922226  -0.70950096 -0.72635854
 -0.74278534 -0.75877163 -0.77430792 -0.789385   -0.80399393 -0.81812604
 -0.83177295 -0.84492657 -0.8575791  -0.86972303 -0.88135116 -0.8924566
 -0.90303276 -0.91307336 -0.92257246 -0.93152442 -0.93992393 -0.947766
 -0.95504599 -0.96175959 -0.9679028  -0.97347198 -0.97846384 -0.98287541
 -0.98670408 -0.98994757 -0.99260397 -0.99467168 -0.9961495  -0.99703654
  0.99496391  0.99407871  0.99260397  0.99054054  0.98788967  0.98465292
  0.98083222  0.97642982  0.97144833  0.96589073  0.95976028  0.95306065
  0.94579579  0.93797002  0.92958797  0.92065462  0.91117527  0.90115554
  0.89060137  0.87951901  0.86791505  0.85579636  0.84317014  0.83004386
  0.81642532  0.80232259  0.78774403  0.77269829  0.7571943   0.74124124
  0.72484859  0.70802605  0.69078361  0.6731315   0.65508018  0.63664035
  0.61782296  0.59863917  0.57910034  0.55921808  0.53900416  0.51847058
  0.49762952  0.47649333  0.45507455  0.43338589  0.4114402   0.38925051
  0.36682996  0.34419186  0.32134964  0.29831684  0.27510711  0.25173423
  0.22821206  0.20455455  0.18077572  0.15688968  0.13291059  0.10885268
  0.08473022  0.0605575   0.03634887  0.01211869 -0.01211869 -0.03634887
 -0.0605575  -0.08473022 -0.10885268 -0.13291059 -0.15688968 -0.18077572
 -0.20455455 -0.22821206 -0.25173423 -0.27510711 -0.29831684 -0.32134964
 -0.34419186 -0.36682996 -0.38925051 -0.4114402  -0.43338589 -0.45507455
 -0.47649333 -0.49762952 -0.51847058 -0.53900416 -0.55921808 -0.57910034
 -0.59863917 -0.61782296 -0.63664035 -0.65508018 -0.6731315  -0.69078361
 -0.70802605 -0.72484859 -0.74124124 -0.7571943  -0.77269829 -0.78774403
 -0.80232259 -0.81642532 -0.83004386 -0.84317014 -0.85579636 -0.86791505
 -0.87951901 -0.89060137 -0.90115554 -0.91117527 -0.92065462 -0.92958797
 -0.93797002 -0.94579579 -0.95306065 -0.95976028 -0.96589073 -0.97144833
 -0.97642982 -0.98083222 -0.98465292 -0.98788967 -0.99054054 -0.99260397
 -0.99407871 -0.99496391]
r0 vector: [-2.74854004e-06 -1.54900440e-06 -1.54670641e-06 -1.54349112e-06
 -1.53936045e-06 -1.53431685e-06 -1.52836330e-06 -1.52150335e-06
 -1.51374104e-06 -1.50508101e-06 -1.49552836e-06 -1.48508878e-06
 -1.47376845e-06 -1.46157408e-06 -1.44851292e-06 -1.43459270e-06
 -1.41982168e-06 -1.40420862e-06 -1.38776278e-06 -1.37049391e-06
 -1.35241226e-06 -1.33352854e-06 -1.31385397e-06 -1.29340019e-06
 -1.27217936e-06 -1.25020404e-06 -1.22748728e-06 -1.20404254e-06
 -1.17988373e-06 -1.15502519e-06 -1.12948164e-06 -1.10326824e-06
 -1.07640054e-06 -1.04889446e-06 -1.02076633e-06 -9.92032822e-07
 -9.62710981e-07 -9.32818189e-07 -9.02372187e-07 -8.71391018e-07
 -8.39893066e-07 -8.07897002e-07 -7.75421808e-07 -7.42486745e-07
 -7.09111339e-07 -6.75315387e-07 -6.41118935e-07 -6.06542259e-07
 -5.71605869e-07 -5.36330480e-07 -5.00737015e-07 -4.64846583e-07
 -4.28680471e-07 -3.92260121e-07 -3.55607140e-07 -3.18743263e-07
 -2.81690351e-07 -2.44470379e-07 -2.07105423e-07 -1.69617641e-07
 -1.32029264e-07 -9.43625847e-08 -5.66399481e-08 -1.88837152e-08
  1.88837152e-08  5.66399472e-08  9.43625857e-08  1.32029264e-07
  1.69617642e-07  2.07105422e-07  2.44470379e-07  2.81690351e-07
  3.18743264e-07  3.55607139e-07  3.92260121e-07  4.28680471e-07
  4.64846581e-07  5.00737014e-07  5.36330479e-07  5.71605868e-07
  6.06542258e-07  6.41118935e-07  6.75315387e-07  7.09111338e-07
  7.42486745e-07  7.75421808e-07  8.07897001e-07  8.39893066e-07
  8.71391021e-07  9.02372184e-07  9.32818191e-07  9.62710981e-07
  9.92032820e-07  1.02076633e-06  1.04889446e-06  1.07640054e-06
  1.10326824e-06  1.12948164e-06  1.15502519e-06  1.17988373e-06
  1.20404254e-06  1.22748728e-06  1.25020404e-06  1.27217936e-06
  1.29340019e-06  1.31385397e-06  1.33352854e-06  1.35241226e-06
  1.37049391e-06  1.38776278e-06  1.40420862e-06  1.41982168e-06
  1.43459270e-06  1.44851292e-06  1.46157408e-06  1.47376845e-06
  1.48508878e-06  1.49552836e-06  1.50508100e-06  1.51374105e-06
  1.52150334e-06  1.52836330e-06  1.53431685e-06  1.53936045e-06
  1.54349112e-06  1.54670641e-06  1.54900440e-06  2.74854004e-06
 -1.54900440e-06 -3.51600992e-07 -3.51079381e-07 -3.50349558e-07
 -3.49411960e-07 -3.48267137e-07 -3.46915767e-07 -3.45358661e-07
 -3.43596735e-07 -3.41631032e-07 -3.39462726e-07 -3.37093097e-07
 -3.34523546e-07 -3.31755611e-07 -3.28790918e-07 -3.25631236e-07
 -3.22278432e-07 -3.18734501e-07 -3.15001540e-07 -3.11081763e-07
 -3.06977495e-07 -3.02691173e-07 -2.98225337e-07 -2.93582632e-07
 -2.88765818e-07 -2.83777747e-07 -2.78621381e-07 -2.73299774e-07
 -2.67816082e-07 -2.62173563e-07 -2.56375556e-07 -2.50425504e-07
 -2.44326935e-07 -2.38083464e-07 -2.31698796e-07 -2.25176716e-07
 -2.18521094e-07 -2.11735872e-07 -2.04825086e-07 -1.97792817e-07
 -1.90643253e-07 -1.83380619e-07 -1.76009234e-07 -1.68533463e-07
 -1.60957741e-07 -1.53286562e-07 -1.45524477e-07 -1.37676083e-07
 -1.29746042e-07 -1.21739053e-07 -1.13659865e-07 -1.05513270e-07
 -9.73041012e-08 -8.90372205e-08 -8.07175395e-08 -7.23499867e-08
 -6.39395263e-08 -5.54911440e-08 -4.70098550e-08 -3.85006859e-08
 -2.99686821e-08 -2.14189039e-08 -1.28564284e-08 -4.28632284e-09
  4.28632287e-09  1.28564275e-08  2.14189047e-08  2.99686821e-08
  3.85006868e-08  4.70098542e-08  5.54911444e-08  6.39395259e-08
  7.23499871e-08  8.07175383e-08  8.90372215e-08  9.73041014e-08
  1.05513269e-07  1.13659864e-07  1.21739053e-07  1.29746042e-07
  1.37676083e-07  1.45524477e-07  1.53286563e-07  1.60957742e-07
  1.68533464e-07  1.76009233e-07  1.83380618e-07  1.90643253e-07
  1.97792819e-07  2.04825083e-07  2.11735874e-07  2.18521095e-07
  2.25176715e-07  2.31698796e-07  2.38083465e-07  2.44326937e-07
  2.50425502e-07  2.56375555e-07  2.62173563e-07  2.67816083e-07
  2.73299774e-07  2.78621380e-07  2.83777747e-07  2.88765819e-07
  2.93582632e-07  2.98225337e-07  3.02691173e-07  3.06977494e-07
  3.11081762e-07  3.15001539e-07  3.18734501e-07  3.22278433e-07
  3.25631237e-07  3.28790918e-07  3.31755611e-07  3.34523546e-07
  3.37093094e-07  3.39462724e-07  3.41631033e-07  3.43596732e-07
  3.45358663e-07  3.46915768e-07  3.48267135e-07  3.49411960e-07
  3.50349559e-07  3.51079380e-07  3.51600993e-07  1.54900440e-06]
r0 norm: 3.304095432539274e-05
n_local: 256
rk_vector: [-6.59028387e-13 -1.31095135e-12 -1.93711713e-12 -2.53663757e-12
 -3.09441361e-12 -3.60333985e-12 -4.07673895e-12 -4.48618920e-12
 -4.84678964e-12 -5.14877030e-12 -5.40278933e-12 -5.60529401e-12
 -5.76427794e-12 -5.87441207e-12 -5.96322991e-12 -6.00586247e-12
 -6.02895511e-12 -6.02362604e-12 -6.00319794e-12 -5.96322991e-12
 -5.91082738e-12 -5.84865489e-12 -5.77138337e-12 -5.69144731e-12
 -5.60440583e-12 -5.51203527e-12 -5.41611200e-12 -5.31308331e-12
 -5.20961052e-12 -5.09947640e-12 -4.98623365e-12 -4.87121454e-12
 -4.75042228e-12 -4.63051819e-12 -4.50883775e-12 -4.37871961e-12
 -4.24815738e-12 -4.12070378e-12 -3.98170386e-12 -3.84492438e-12
 -3.70681263e-12 -3.56736862e-12 -3.42259554e-12 -3.27915473e-12
 -3.13082893e-12 -2.98072678e-12 -2.83106871e-12 -2.67785794e-12
 -2.52375898e-12 -2.36632935e-12 -2.21245244e-12 -2.05124806e-12
 -1.89404048e-12 -1.73083770e-12 -1.56985536e-12 -1.40731871e-12
 -1.24322774e-12 -1.07935882e-12 -9.14379683e-13 -7.48956452e-13
 -5.82978110e-13 -4.16389145e-13 -2.50049981e-13 -8.33638714e-14
  8.33985658e-14  2.50161003e-13  4.16444657e-13  5.82978110e-13
  7.48734408e-13  9.14490705e-13  1.07924780e-12  1.24367183e-12
  1.40731871e-12  1.56963331e-12  1.73150383e-12  1.89426252e-12
  2.05102602e-12  2.21112018e-12  2.36721753e-12  2.52375898e-12
  2.67696976e-12  2.83062462e-12  2.98117087e-12  3.13216120e-12
  3.27693428e-12  3.42526008e-12  3.56426000e-12  3.70681263e-12
  3.84670074e-12  3.98348021e-12  4.11892742e-12  4.25171010e-12
  4.37916370e-12  4.50750548e-12  4.63140637e-12  4.75175455e-12
  4.86899410e-12  4.98889818e-12  5.09681186e-12  5.20916643e-12
  5.31130695e-12  5.41522382e-12  5.51025892e-12  5.60707036e-12
  5.69144731e-12  5.77138337e-12  5.84776672e-12  5.91082738e-12
  5.96322991e-12  5.99875705e-12  6.02362604e-12  6.02895511e-12
  6.00497430e-12  5.95878902e-12  5.87707660e-12  5.76427794e-12
  5.60440583e-12  5.40101297e-12  5.15054666e-12  4.84678964e-12
  4.48530102e-12  4.07762712e-12  3.60422803e-12  3.09618997e-12
  2.53308485e-12  1.94066985e-12  1.31006317e-12  6.57252031e-13
 -1.30739863e-12 -2.59325894e-12 -3.84314802e-12 -5.02753394e-12
 -6.13886719e-12 -7.16482429e-12 -8.07942602e-12 -8.90754137e-12
 -9.60609370e-12 -1.02229336e-11 -1.07119869e-11 -1.11246568e-11
 -1.14293019e-11 -1.16675558e-11 -1.18223209e-11 -1.19189103e-11
 -1.19556587e-11 -1.19539934e-11 -1.19043664e-11 -1.18266508e-11
 -1.17229559e-11 -1.15984999e-11 -1.14509513e-11 -1.12907461e-11
 -1.11183285e-11 -1.09338094e-11 -1.07414078e-11 -1.05403464e-11
 -1.03261844e-11 -1.01136877e-11 -9.89230919e-12 -9.66160485e-12
 -9.42623757e-12 -9.18709553e-12 -8.93884966e-12 -8.68771721e-12
 -8.43092263e-12 -8.16879897e-12 -7.90389976e-12 -7.63100694e-12
 -7.35511652e-12 -7.07756076e-12 -6.79001300e-12 -6.50207665e-12
 -6.20936635e-12 -5.91554583e-12 -5.61456437e-12 -5.31230615e-12
 -5.00544051e-12 -4.69768668e-12 -4.38571401e-12 -4.07174294e-12
 -3.75388609e-12 -3.43441942e-12 -3.11473070e-12 -2.79071211e-12
 -2.46674903e-12 -2.14089857e-12 -1.81382687e-12 -1.48536738e-12
 -1.15611687e-12 -8.26567981e-13 -4.96068464e-13 -1.65385067e-13
  1.65300065e-13  4.96165609e-13  8.26221036e-13  1.15624177e-12
  1.48554780e-12  1.81385462e-12  2.14100959e-12  2.46699883e-12
  2.79137824e-12  3.11428661e-12  3.43564066e-12  3.75338649e-12
  4.07229805e-12  4.38582504e-12  4.69735362e-12  5.00621766e-12
  5.31175104e-12  5.61400926e-12  5.91543481e-12  6.20881124e-12
  6.50618448e-12  6.78745948e-12  7.07811587e-12  7.35467243e-12
  7.63267227e-12  7.90201238e-12  8.17057533e-12  8.43092263e-12
  8.68616290e-12  8.93984886e-12  9.18665144e-12  9.42701472e-12
  9.66060565e-12  9.89064386e-12  1.01141318e-11  1.03260733e-11
  1.05403464e-11  1.07397424e-11  1.09338094e-11  1.11165521e-11
  1.12908571e-11  1.14519505e-11  1.15979448e-11  1.17232890e-11
  1.18285381e-11  1.19075860e-11  1.19504406e-11  1.19557697e-11
  1.19199095e-11  1.18233201e-11  1.16679999e-11  1.14328547e-11
  1.11183285e-11  1.07173159e-11  1.02171605e-11  9.60975743e-12
  8.90620910e-12  8.07853784e-12  7.16038340e-12  6.13975537e-12
  5.03375119e-12  3.84314802e-12  2.59858801e-12  1.31006317e-12]
rk norm: 3.2961366168213265e-09
Residual ratio: 9.975912270452095e-05
First time step
did converge, i = 141
b: [ 6.45959510e+00  3.58165631e+00  3.57634282e+00  3.56890834e+00
  3.55935728e+00  3.54769532e+00  3.53392935e+00  3.51806755e+00
  3.50011933e+00  3.48009532e+00  3.45800741e+00  3.43386869e+00
  3.40769348e+00  3.37949730e+00  3.34929687e+00  3.31711011e+00
  3.28295610e+00  3.24685510e+00  3.20882852e+00  3.16889891e+00
  3.12708995e+00  3.08342644e+00  3.03793426e+00  2.99064041e+00
  2.94157293e+00  2.89076092e+00  2.83823452e+00  2.78402487e+00
  2.72816412e+00  2.67068541e+00  2.61162282e+00  2.55101138e+00
  2.48888703e+00  2.42528663e+00  2.36024788e+00  2.29380937e+00
  2.22601049e+00  2.15689145e+00  2.08649324e+00  2.01485761e+00
  1.94202706e+00  1.86804476e+00  1.79295460e+00  1.71680111e+00
  1.63962946e+00  1.56148540e+00  1.48241529e+00  1.40246602e+00
  1.32168500e+00  1.24012014e+00  1.15781982e+00  1.07483284e+00
  9.91208415e-01  9.06996147e-01  8.22245975e-01  7.37008162e-01
  6.51333258e-01  5.65272075e-01  4.78875651e-01  3.92195224e-01
  3.05282203e-01  2.18188130e-01  1.30964659e-01  4.36635181e-02
 -4.36635181e-02 -1.30964659e-01 -2.18188130e-01 -3.05282203e-01
 -3.92195224e-01 -4.78875651e-01 -5.65272075e-01 -6.51333258e-01
 -7.37008162e-01 -8.22245975e-01 -9.06996147e-01 -9.91208415e-01
 -1.07483284e+00 -1.15781982e+00 -1.24012014e+00 -1.32168500e+00
 -1.40246602e+00 -1.48241529e+00 -1.56148540e+00 -1.63962946e+00
 -1.71680111e+00 -1.79295460e+00 -1.86804476e+00 -1.94202706e+00
 -2.01485761e+00 -2.08649324e+00 -2.15689145e+00 -2.22601049e+00
 -2.29380937e+00 -2.36024788e+00 -2.42528663e+00 -2.48888703e+00
 -2.55101138e+00 -2.61162282e+00 -2.67068541e+00 -2.72816412e+00
 -2.78402487e+00 -2.83823452e+00 -2.89076092e+00 -2.94157293e+00
 -2.99064041e+00 -3.03793426e+00 -3.08342644e+00 -3.12708995e+00
 -3.16889891e+00 -3.20882852e+00 -3.24685510e+00 -3.28295610e+00
 -3.31711011e+00 -3.34929687e+00 -3.37949730e+00 -3.40769348e+00
 -3.43386869e+00 -3.45800741e+00 -3.48009532e+00 -3.50011933e+00
 -3.51806755e+00 -3.53392935e+00 -3.54769532e+00 -3.55935728e+00
 -3.56890834e+00 -3.57634282e+00 -3.58165631e+00 -6.45959510e+00
  3.58165631e+00  7.08833290e-01  7.07781726e-01  7.06310407e-01
  7.04420205e-01  7.02112241e-01  6.99387882e-01  6.96248744e-01
  6.92696689e-01  6.88733822e-01  6.84362494e-01  6.79585297e-01
  6.74405064e-01  6.68824867e-01  6.62848016e-01  6.56478054e-01
  6.49718761e-01  6.42574144e-01  6.35048441e-01  6.27146116e-01
  6.18871853e-01  6.10230562e-01  6.01227366e-01  5.91867606e-01
  5.82156832e-01  5.72100803e-01  5.61705483e-01  5.50977037e-01
  5.39921828e-01  5.28546413e-01  5.16857537e-01  5.04862133e-01
  4.92567315e-01  4.79980374e-01  4.67108776e-01  4.53960154e-01
  4.40542305e-01  4.26863189e-01  4.12930916e-01  3.98753750e-01
  3.84340099e-01  3.69698511e-01  3.54837669e-01  3.39766387e-01
  3.24493603e-01  3.09028374e-01  2.93379873e-01  2.77557379e-01
  2.61570277e-01  2.45428048e-01  2.29140265e-01  2.12716589e-01
  1.96166758e-01  1.79500589e-01  1.62727964e-01  1.45858833e-01
  1.28903198e-01  1.11871115e-01  9.47726865e-02  7.76180519e-02
  6.04173850e-02  4.31808869e-02  2.59187800e-02  8.64130159e-03
 -8.64130159e-03 -2.59187800e-02 -4.31808869e-02 -6.04173850e-02
 -7.76180519e-02 -9.47726865e-02 -1.11871115e-01 -1.28903198e-01
 -1.45858833e-01 -1.62727964e-01 -1.79500589e-01 -1.96166758e-01
 -2.12716589e-01 -2.29140265e-01 -2.45428048e-01 -2.61570277e-01
 -2.77557379e-01 -2.93379873e-01 -3.09028374e-01 -3.24493603e-01
 -3.39766387e-01 -3.54837669e-01 -3.69698511e-01 -3.84340099e-01
 -3.98753750e-01 -4.12930916e-01 -4.26863189e-01 -4.40542305e-01
 -4.53960154e-01 -4.67108776e-01 -4.79980374e-01 -4.92567315e-01
 -5.04862133e-01 -5.16857537e-01 -5.28546413e-01 -5.39921828e-01
 -5.50977037e-01 -5.61705483e-01 -5.72100803e-01 -5.82156832e-01
 -5.91867606e-01 -6.01227366e-01 -6.10230562e-01 -6.18871853e-01
 -6.27146116e-01 -6.35048441e-01 -6.42574144e-01 -6.49718761e-01
 -6.56478054e-01 -6.62848016e-01 -6.68824867e-01 -6.74405064e-01
 -6.79585297e-01 -6.84362494e-01 -6.88733822e-01 -6.92696689e-01
 -6.96248744e-01 -6.99387882e-01 -7.02112241e-01 -7.04420205e-01
 -7.06310407e-01 -7.07781726e-01 -7.08833290e-01 -3.58165631e+00
  2.87079045e+00  2.85706168e-03  2.85282314e-03  2.84689270e-03
  2.83927389e-03  2.82997121e-03  2.81899019e-03  2.80633734e-03
  2.79202017e-03  2.77604715e-03  2.75842778e-03  2.73917248e-03
  2.71829270e-03  2.69580080e-03  2.67171013e-03  2.64603498e-03
  2.61879056e-03  2.58999305e-03  2.55965951e-03  2.52780795e-03
  2.49445723e-03  2.45962716e-03  2.42333838e-03  2.38561241e-03
  2.34647163e-03  2.30593925e-03  2.26403931e-03  2.22079666e-03
  2.17623694e-03  2.13038658e-03  2.08327278e-03  2.03492347e-03
  1.98536732e-03  1.93463373e-03  1.88275279e-03  1.82975527e-03
  1.77567258e-03  1.72053682e-03  1.66438067e-03  1.60723745e-03
  1.54914104e-03  1.49012589e-03  1.43022701e-03  1.36947992e-03
  1.30792064e-03  1.24558569e-03  1.18251203e-03  1.11873707e-03
  1.05429863e-03  9.89234929e-04  9.23584551e-04  8.57386433e-04
  7.90679832e-04  7.23504310e-04  6.55899707e-04  5.87906116e-04
  5.19563860e-04  4.50913473e-04  3.81995666e-04  3.12851313e-04
  2.43521420e-04  1.74047104e-04  1.04469568e-04  3.48300747e-05
 -3.48300747e-05 -1.04469568e-04 -1.74047104e-04 -2.43521420e-04
 -3.12851313e-04 -3.81995666e-04 -4.50913473e-04 -5.19563860e-04
 -5.87906116e-04 -6.55899707e-04 -7.23504310e-04 -7.90679832e-04
 -8.57386433e-04 -9.23584551e-04 -9.89234929e-04 -1.05429863e-03
 -1.11873707e-03 -1.18251203e-03 -1.24558569e-03 -1.30792064e-03
 -1.36947992e-03 -1.43022701e-03 -1.49012589e-03 -1.54914104e-03
 -1.60723745e-03 -1.66438067e-03 -1.72053682e-03 -1.77567258e-03
 -1.82975527e-03 -1.88275279e-03 -1.93463373e-03 -1.98536732e-03
 -2.03492347e-03 -2.08327278e-03 -2.13038658e-03 -2.17623694e-03
 -2.22079666e-03 -2.26403931e-03 -2.30593925e-03 -2.34647163e-03
 -2.38561241e-03 -2.42333838e-03 -2.45962716e-03 -2.49445723e-03
 -2.52780795e-03 -2.55965951e-03 -2.58999305e-03 -2.61879056e-03
 -2.64603498e-03 -2.67171013e-03 -2.69580080e-03 -2.71829270e-03
 -2.73917248e-03 -2.75842778e-03 -2.77604715e-03 -2.79202017e-03
 -2.80633734e-03 -2.81899019e-03 -2.82997121e-03 -2.83927389e-03
 -2.84689270e-03 -2.85282314e-03 -2.85706168e-03 -2.87079045e+00
  2.86482267e+00  2.85112243e-03  2.84689270e-03  2.84097460e-03
  2.83337162e-03  2.82408828e-03  2.81313009e-03  2.80050354e-03
  2.78621613e-03  2.77027632e-03  2.75269357e-03  2.73347831e-03
  2.71264192e-03  2.69019678e-03  2.66615619e-03  2.64053441e-03
  2.61334663e-03  2.58460898e-03  2.55433851e-03  2.52255315e-03
  2.48927177e-03  2.45451410e-03  2.41830075e-03  2.38065321e-03
  2.34159380e-03  2.30114568e-03  2.25933284e-03  2.21618008e-03
  2.17171299e-03  2.12595795e-03  2.07894208e-03  2.03069328e-03
  1.98124015e-03  1.93061203e-03  1.87883893e-03  1.82595158e-03
  1.77198132e-03  1.71696018e-03  1.66092077e-03  1.60389633e-03
  1.54592069e-03  1.48702822e-03  1.42725386e-03  1.36663305e-03
  1.30520174e-03  1.24299637e-03  1.18005383e-03  1.11641144e-03
  1.05210696e-03  9.87178512e-04  9.21664608e-04  8.55604102e-04
  7.89036170e-04  7.22000293e-04  6.54536226e-04  5.86683979e-04
  5.18483793e-04  4.49976116e-04  3.81201575e-04  3.12200959e-04
  2.43015188e-04  1.73685296e-04  1.04252397e-04  3.47576701e-05
 -3.47576701e-05 -1.04252397e-04 -1.73685296e-04 -2.43015188e-04
 -3.12200959e-04 -3.81201575e-04 -4.49976116e-04 -5.18483793e-04
 -5.86683979e-04 -6.54536226e-04 -7.22000293e-04 -7.89036170e-04
 -8.55604102e-04 -9.21664608e-04 -9.87178512e-04 -1.05210696e-03
 -1.11641144e-03 -1.18005383e-03 -1.24299637e-03 -1.30520174e-03
 -1.36663305e-03 -1.42725386e-03 -1.48702822e-03 -1.54592069e-03
 -1.60389633e-03 -1.66092077e-03 -1.71696018e-03 -1.77198132e-03
 -1.82595158e-03 -1.87883893e-03 -1.93061203e-03 -1.98124015e-03
 -2.03069328e-03 -2.07894208e-03 -2.12595795e-03 -2.17171299e-03
 -2.21618008e-03 -2.25933284e-03 -2.30114568e-03 -2.34159380e-03
 -2.38065321e-03 -2.41830075e-03 -2.45451410e-03 -2.48927177e-03
 -2.52255315e-03 -2.55433851e-03 -2.58460898e-03 -2.61334663e-03
 -2.64053441e-03 -2.66615619e-03 -2.69019678e-03 -2.71264192e-03
 -2.73347831e-03 -2.75269357e-03 -2.77027632e-03 -2.78621613e-03
 -2.80050354e-03 -2.81313009e-03 -2.82408828e-03 -2.83337162e-03
 -2.84097460e-03 -2.84689270e-03 -2.85112243e-03 -2.86482267e+00]
x0: [ 0.70722983  0.70660062  0.70555237  0.70408567  0.70220142  0.69990071
  0.69718493  0.69405567  0.69051479  0.6865644   0.68220683  0.67744467
  0.67228075  0.66671812  0.66076009  0.65441019  0.64767218  0.64055006
  0.63304806  0.62517062  0.61692242  0.60830834  0.5993335   0.59000322
  0.58032303  0.57029868  0.5599361   0.54924145  0.53822106  0.52688148
  0.51522942  0.5032718   0.49101571  0.47846841  0.46563736  0.45253016
  0.43915457  0.42551855  0.41163016  0.39749765  0.3831294   0.36853394
  0.35371991  0.3386961   0.32347143  0.30805491  0.2924557   0.27668305
  0.26074631  0.24465493  0.22841846  0.21204651  0.19554882  0.17893515
  0.16221536  0.14539937  0.12849714  0.11151871  0.09447414  0.07737355
  0.06022707  0.04304486  0.02583713  0.00861408 -0.00861408 -0.02583713
 -0.04304486 -0.06022707 -0.07737355 -0.09447414 -0.11151871 -0.12849714
 -0.14539937 -0.16221536 -0.17893515 -0.19554882 -0.21204651 -0.22841846
 -0.24465493 -0.26074631 -0.27668305 -0.2924557  -0.30805491 -0.32347143
 -0.3386961  -0.35371991 -0.36853394 -0.3831294  -0.39749765 -0.41163016
 -0.42551855 -0.43915457 -0.45253016 -0.46563736 -0.47846841 -0.49101571
 -0.5032718  -0.51522942 -0.52688148 -0.53822106 -0.54924145 -0.5599361
 -0.57029868 -0.58032303 -0.59000322 -0.5993335  -0.60830834 -0.61692242
 -0.62517062 -0.63304806 -0.64055006 -0.64767218 -0.65441019 -0.66076009
 -0.66671812 -0.67228075 -0.67744467 -0.68220683 -0.6865644  -0.69051479
 -0.69405567 -0.69718493 -0.69990071 -0.70220142 -0.70408567 -0.70555237
 -0.70660062 -0.70722983  0.70660062  0.70597198  0.70492466  0.70345928
  0.70157671  0.69927807  0.6965647   0.69343824  0.68990052  0.68595365
  0.68159997  0.67684205  0.67168273  0.66612506  0.66017234  0.65382809
  0.64709608  0.6399803   0.63248498  0.62461455  0.61637369  0.60776728
  0.59880043  0.58947845  0.57980687  0.56979144  0.55943808  0.54875294
  0.53774236  0.52641286  0.51477117  0.50282419  0.490579    0.47804287
  0.46522323  0.45212768  0.43876399  0.4251401   0.41126406  0.39714412
  0.38278866  0.36820617  0.35340532  0.33839487  0.32318374  0.30778094
  0.2921956   0.27643698  0.26051441  0.24443734  0.22821531  0.21185793
  0.1953749   0.17877601  0.16207109  0.14527005  0.12838286  0.11141953
  0.09439012  0.07730474  0.0601735   0.04300658  0.02581416  0.00860642
 -0.00860642 -0.02581416 -0.04300658 -0.0601735  -0.07730474 -0.09439012
 -0.11141953 -0.12838286 -0.14527005 -0.16207109 -0.17877601 -0.1953749
 -0.21185793 -0.22821531 -0.24443734 -0.26051441 -0.27643698 -0.2921956
 -0.30778094 -0.32318374 -0.33839487 -0.35340532 -0.36820617 -0.38278866
 -0.39714412 -0.41126406 -0.4251401  -0.43876399 -0.45212768 -0.46522323
 -0.47804287 -0.490579   -0.50282419 -0.51477117 -0.52641286 -0.53774236
 -0.54875294 -0.55943808 -0.56979144 -0.57980687 -0.58947845 -0.59880043
 -0.60776728 -0.61637369 -0.62461455 -0.63248498 -0.6399803  -0.64709608
 -0.65382809 -0.66017234 -0.66612506 -0.67168273 -0.67684205 -0.68159997
 -0.68595365 -0.68990052 -0.69343824 -0.6965647  -0.69927807 -0.70157671
 -0.70345928 -0.70492466 -0.70597198 -0.70660062  0.70555237  0.70492466
  0.70387891  0.70241571  0.70053594  0.69824071  0.69553138  0.69240956
  0.6888771   0.6849361   0.68058888  0.67583803  0.67068637  0.66513695
  0.65919306  0.65285823  0.64613622  0.639031    0.6315468   0.62368805
  0.61545942  0.60686578  0.59791223  0.58860408  0.57894686  0.56894628
  0.55860828  0.54793899  0.53694475  0.52563206  0.51400763  0.50207837
  0.48985135  0.47733381  0.46453319  0.45145707  0.43811321  0.42450951
  0.41065406  0.39655507  0.3822209   0.36766004  0.35288114  0.33789296
  0.32270439  0.30732443  0.29176221  0.27602696  0.26012801  0.24407479
  0.22787682  0.2115437   0.19508512  0.17851085  0.16183071  0.14505459
  0.12819244  0.11125427  0.09425012  0.07719008  0.06008425  0.04294279
  0.02577587  0.00859365 -0.00859365 -0.02577587 -0.04294279 -0.06008425
 -0.07719008 -0.09425012 -0.11125427 -0.12819244 -0.14505459 -0.16183071
 -0.17851085 -0.19508512 -0.2115437  -0.22787682 -0.24407479 -0.26012801
 -0.27602696 -0.29176221 -0.30732443 -0.32270439 -0.33789296 -0.35288114
 -0.36766004 -0.3822209  -0.39655507 -0.41065406 -0.42450951 -0.43811321
 -0.45145707 -0.46453319 -0.47733381 -0.48985135 -0.50207837 -0.51400763
 -0.52563206 -0.53694475 -0.54793899 -0.55860828 -0.56894628 -0.57894686
 -0.58860408 -0.59791223 -0.60686578 -0.61545942 -0.62368805 -0.6315468
 -0.639031   -0.64613622 -0.65285823 -0.65919306 -0.66513695 -0.67068637
 -0.67583803 -0.68058888 -0.6849361  -0.6888771  -0.69240956 -0.69553138
 -0.69824071 -0.70053594 -0.70241571 -0.70387891 -0.70492466 -0.70555237
  0.70408567  0.70345928  0.70241571  0.70095556  0.69907971  0.69678926
  0.69408557  0.69097025  0.68744514  0.68351234  0.67917417  0.6744332
  0.66929226  0.66375438  0.65782285  0.6515012   0.64479316  0.63770272
  0.63023408  0.62239167  0.61418015  0.60560437  0.59666944  0.58738064
  0.57774349  0.56776371  0.5574472   0.54680009  0.5358287   0.52453952
  0.51293926  0.5010348   0.48883319  0.47634167  0.46356766  0.45051872
  0.43720259  0.42362718  0.40980052  0.39573084  0.38142645  0.36689586
  0.35214768  0.33719066  0.32203365  0.30668567  0.29115579  0.27545325
  0.25958735  0.24356749  0.22740318  0.21110401  0.19467964  0.17813982
  0.16149435  0.1447531   0.127926    0.11102304  0.09405423  0.07702964
  0.05995937  0.04285354  0.02572229  0.00857579 -0.00857579 -0.02572229
 -0.04285354 -0.05995937 -0.07702964 -0.09405423 -0.11102304 -0.127926
 -0.1447531  -0.16149435 -0.17813982 -0.19467964 -0.21110401 -0.22740318
 -0.24356749 -0.25958735 -0.27545325 -0.29115579 -0.30668567 -0.32203365
 -0.33719066 -0.35214768 -0.36689586 -0.38142645 -0.39573084 -0.40980052
 -0.42362718 -0.43720259 -0.45051872 -0.46356766 -0.47634167 -0.48883319
 -0.5010348  -0.51293926 -0.52453952 -0.5358287  -0.54680009 -0.5574472
 -0.56776371 -0.57774349 -0.58738064 -0.59666944 -0.60560437 -0.61418015
 -0.62239167 -0.63023408 -0.63770272 -0.64479316 -0.6515012  -0.65782285
 -0.66375438 -0.66929226 -0.6744332  -0.67917417 -0.68351234 -0.68744514
 -0.69097025 -0.69408557 -0.69678926 -0.69907971 -0.70095556 -0.70241571
 -0.70345928 -0.70408567]
r0 vector: [-4.95738740e-03 -2.74872778e-03 -2.74465107e-03 -2.73894656e-03
 -2.73161763e-03 -2.72266859e-03 -2.71210477e-03 -2.69993242e-03
 -2.68615875e-03 -2.67079193e-03 -2.65384109e-03 -2.63531627e-03
 -2.61522849e-03 -2.59358964e-03 -2.57041258e-03 -2.54571106e-03
 -2.51949975e-03 -2.49179418e-03 -2.46261080e-03 -2.43196692e-03
 -2.39988073e-03 -2.36637125e-03 -2.33145835e-03 -2.29516276e-03
 -2.25750599e-03 -2.21851039e-03 -2.17819907e-03 -2.13659594e-03
 -2.09372569e-03 -2.04961373e-03 -2.00428622e-03 -1.95777005e-03
 -1.91009281e-03 -1.86128277e-03 -1.81136887e-03 -1.76038073e-03
 -1.70834857e-03 -1.65530325e-03 -1.60127625e-03 -1.54629959e-03
 -1.49040588e-03 -1.43362827e-03 -1.37600044e-03 -1.31755655e-03
 -1.25833127e-03 -1.19835973e-03 -1.13767748e-03 -1.07632053e-03
 -1.01432525e-03 -9.51728417e-04 -8.88567151e-04 -8.24878911e-04
 -7.60701469e-04 -6.96072885e-04 -6.31031487e-04 -5.65615850e-04
 -4.99864769e-04 -4.33817237e-04 -3.67512427e-04 -3.00989659e-04
 -2.34288386e-04 -1.67448165e-04 -1.00508639e-04 -3.35095039e-05
  3.35095039e-05  1.00508639e-04  1.67448165e-04  2.34288386e-04
  3.00989659e-04  3.67512427e-04  4.33817237e-04  4.99864769e-04
  5.65615850e-04  6.31031487e-04  6.96072885e-04  7.60701469e-04
  8.24878911e-04  8.88567151e-04  9.51728417e-04  1.01432525e-03
  1.07632053e-03  1.13767748e-03  1.19835973e-03  1.25833127e-03
  1.31755655e-03  1.37600044e-03  1.43362827e-03  1.49040588e-03
  1.54629959e-03  1.60127625e-03  1.65530325e-03  1.70834857e-03
  1.76038073e-03  1.81136887e-03  1.86128277e-03  1.91009281e-03
  1.95777005e-03  2.00428622e-03  2.04961373e-03  2.09372569e-03
  2.13659594e-03  2.17819907e-03  2.21851039e-03  2.25750599e-03
  2.29516276e-03  2.33145835e-03  2.36637125e-03  2.39988073e-03
  2.43196692e-03  2.46261080e-03  2.49179418e-03  2.51949975e-03
  2.54571106e-03  2.57041258e-03  2.59358964e-03  2.61522849e-03
  2.63531627e-03  2.65384109e-03  2.67079193e-03  2.68615875e-03
  2.69993242e-03  2.71210477e-03  2.72266859e-03  2.73161763e-03
  2.73894656e-03  2.74465107e-03  2.74872778e-03  4.95738740e-03
 -2.74872778e-03 -5.43995371e-04 -5.43190530e-04 -5.42063452e-04
 -5.40614753e-04 -5.38845297e-04 -5.36756085e-04 -5.34348383e-04
 -5.31623577e-04 -5.28583323e-04 -5.25229396e-04 -5.21563830e-04
 -5.17588782e-04 -5.13306654e-04 -5.08719977e-04 -5.03831512e-04
 -4.98644152e-04 -4.93161008e-04 -4.87385330e-04 -4.81320566e-04
 -4.74970314e-04 -4.68338356e-04 -4.61428624e-04 -4.54245227e-04
 -4.46792425e-04 -4.39074644e-04 -4.31096461e-04 -4.22862610e-04
 -4.14377974e-04 -4.05647587e-04 -3.96676626e-04 -3.87470413e-04
 -3.78034406e-04 -3.68374203e-04 -3.58495532e-04 -3.48404252e-04
 -3.38106348e-04 -3.27607927e-04 -3.16915216e-04 -3.06034554e-04
 -2.94972397e-04 -2.83735303e-04 -2.72329937e-04 -2.60763064e-04
 -2.49041543e-04 -2.37172325e-04 -2.25162450e-04 -2.13019041e-04
 -2.00749298e-04 -1.88360500e-04 -1.75859992e-04 -1.63255189e-04
 -1.50553566e-04 -1.37762656e-04 -1.24890044e-04 -1.11943365e-04
 -9.89302976e-05 -8.58585581e-05 -7.27358995e-05 -5.95701041e-05
 -4.63689802e-05 -3.31403567e-05 -1.98920789e-05 -6.63200404e-06
  6.63200404e-06  1.98920789e-05  3.31403567e-05  4.63689802e-05
  5.95701041e-05  7.27358995e-05  8.58585581e-05  9.89302976e-05
  1.11943365e-04  1.24890044e-04  1.37762656e-04  1.50553566e-04
  1.63255189e-04  1.75859992e-04  1.88360500e-04  2.00749298e-04
  2.13019041e-04  2.25162450e-04  2.37172325e-04  2.49041543e-04
  2.60763064e-04  2.72329937e-04  2.83735303e-04  2.94972397e-04
  3.06034554e-04  3.16915216e-04  3.27607927e-04  3.38106348e-04
  3.48404252e-04  3.58495532e-04  3.68374203e-04  3.78034406e-04
  3.87470413e-04  3.96676626e-04  4.05647587e-04  4.14377974e-04
  4.22862610e-04  4.31096461e-04  4.39074644e-04  4.46792425e-04
  4.54245227e-04  4.61428624e-04  4.68338356e-04  4.74970314e-04
  4.81320566e-04  4.87385330e-04  4.93161008e-04  4.98644152e-04
  5.03831512e-04  5.08719977e-04  5.13306654e-04  5.17588782e-04
  5.21563830e-04  5.25229396e-04  5.28583323e-04  5.31623577e-04
  5.34348383e-04  5.36756085e-04  5.38845297e-04  5.40614753e-04
  5.42063452e-04  5.43190530e-04  5.43995371e-04  2.74872778e-03]
r0 norm: 0.05555536134233968
n_local: 256
rk_vector: [-1.11091136e-09 -2.20521024e-09 -3.26019434e-09 -4.26825020e-09
 -5.20436405e-09 -6.07109785e-09 -6.84474788e-09 -7.53724017e-09
 -8.12877898e-09 -8.63813643e-09 -9.05064246e-09 -9.38849887e-09
 -9.64208668e-09 -9.83367210e-09 -9.95774840e-09 -1.00340896e-08
 -1.00600310e-08 -1.00514406e-08 -1.00073159e-08 -9.93929472e-09
 -9.84718174e-09 -9.73882708e-09 -9.61434043e-09 -9.47860812e-09
 -9.33180333e-09 -9.17676291e-09 -9.01363340e-09 -8.84396245e-09
 -8.66785888e-09 -8.48614823e-09 -8.29891977e-09 -8.10660428e-09
 -7.90930565e-09 -7.70726727e-09 -7.50060458e-09 -7.28948191e-09
 -7.07401915e-09 -6.85436863e-09 -6.63064448e-09 -6.40299236e-09
 -6.17154305e-09 -5.93643334e-09 -5.69780401e-09 -5.45579804e-09
 -5.21055243e-09 -4.96222063e-09 -4.71094408e-09 -4.45687531e-09
 -4.20016244e-09 -3.94095845e-09 -3.67941633e-09 -3.41569439e-09
 -3.14994453e-09 -2.88232782e-09 -2.61300226e-09 -2.34212638e-09
 -2.06986162e-09 -1.79636928e-09 -1.52181112e-09 -1.24635074e-09
 -9.70151515e-10 -6.93376467e-10 -4.16190415e-10 -1.38757540e-10
  1.38757617e-10  4.16190388e-10  6.93376495e-10  9.70151570e-10
  1.24635086e-09  1.52181123e-09  1.79636872e-09  2.06986106e-09
  2.34212649e-09  2.61300215e-09  2.88232893e-09  3.14994453e-09
  3.41569462e-09  3.67941611e-09  3.94096000e-09  4.20016066e-09
  4.45687443e-09  4.71094475e-09  4.96222063e-09  5.21055354e-09
  5.45579826e-09  5.69780512e-09  5.93643423e-09  6.17154305e-09
  6.40299413e-09  6.63064359e-09  6.85436907e-09  7.07402004e-09
  7.28948191e-09  7.50060591e-09  7.70726727e-09  7.90930521e-09
  8.10660161e-09  8.29891977e-09  8.48614912e-09  8.66785888e-09
  8.84396512e-09  9.01362940e-09  9.17676513e-09  9.33180289e-09
  9.47860901e-09  9.61433910e-09  9.73883063e-09  9.84718085e-09
  9.93929428e-09  1.00073181e-08  1.00514401e-08  1.00600301e-08
  1.00340842e-08  9.95774929e-09  9.83367121e-09  9.64208713e-09
  9.38849931e-09  9.05063935e-09  8.63813687e-09  8.12878209e-09
  7.53723883e-09  6.84474744e-09  6.07109607e-09  5.20436050e-09
  4.26825109e-09  3.26019123e-09  2.20521068e-09  1.11091136e-09
 -2.20520713e-09 -4.37059366e-09 -6.47145437e-09 -8.45971782e-09
 -1.03300349e-08 -1.20336405e-08 -1.35849534e-08 -1.49407786e-08
 -1.61318894e-08 -1.71244499e-08 -1.79595198e-08 -1.86135998e-08
 -1.91311494e-08 -1.94978426e-08 -1.97555352e-08 -1.98967449e-08
 -1.99567635e-08 -1.99324401e-08 -1.98508180e-08 -1.97110545e-08
 -1.95321495e-08 -1.93142241e-08 -1.90695906e-08 -1.87986311e-08
 -1.85087456e-08 -1.82002908e-08 -1.78774213e-08 -1.75404142e-08
 -1.71914829e-08 -1.68308453e-08 -1.64596605e-08 -1.60781295e-08
 -1.56868812e-08 -1.52861322e-08 -1.48762720e-08 -1.44575281e-08
 -1.40302102e-08 -1.35945527e-08 -1.31508384e-08 -1.26993242e-08
 -1.22402801e-08 -1.17739778e-08 -1.13006955e-08 -1.08207111e-08
 -1.03343084e-08 -9.84178145e-09 -9.34341393e-09 -8.83950557e-09
 -8.33035729e-09 -7.81626688e-09 -7.29754213e-09 -6.77448886e-09
 -6.24741836e-09 -5.71664277e-09 -5.18247689e-09 -4.64523653e-09
 -4.10524220e-09 -3.56281402e-09 -3.01827176e-09 -2.47193972e-09
 -1.92414167e-09 -1.37520254e-09 -8.25447911e-10 -2.75203726e-10
  2.75203712e-10  8.25447894e-10  1.37520259e-09  1.92414174e-09
  2.47193957e-09  3.01827184e-09  3.56281371e-09  4.10524281e-09
  4.64523681e-09  5.18247650e-09  5.71664246e-09  6.24741861e-09
  6.77448911e-09  7.29754221e-09  7.81626697e-09  8.33035757e-09
  8.83950613e-09  9.34341421e-09  9.84177995e-09  1.03343099e-08
  1.08207102e-08  1.13006949e-08  1.17739783e-08  1.22402800e-08
  1.26993244e-08  1.31508391e-08  1.35945535e-08  1.40302105e-08
  1.44575276e-08  1.48762728e-08  1.52861320e-08  1.56868835e-08
  1.60781308e-08  1.64596584e-08  1.68308443e-08  1.71914841e-08
  1.75404123e-08  1.78774222e-08  1.82002898e-08  1.85087456e-08
  1.87986311e-08  1.90695911e-08  1.93142241e-08  1.95321480e-08
  1.97110550e-08  1.98508180e-08  1.99324411e-08  1.99567621e-08
  1.98967457e-08  1.97555358e-08  1.94978430e-08  1.91311486e-08
  1.86135989e-08  1.79595219e-08  1.71244484e-08  1.61318902e-08
  1.49407773e-08  1.35849512e-08  1.20336426e-08  1.03300367e-08
  8.45971349e-09  6.47145704e-09  4.37059366e-09  2.20520713e-09]
rk norm: 5.443281621647613e-06
Residual ratio: 9.797941170979651e-05
Last time step
did converge, i = 140
timing 0: 93.540931224823
Nt, N, Error is:  1024,  128,  1.2218475270160276e-06
/var/lib/torque/server_priv/accounting/20211214: No such file or directory
/var/lib/torque/server_logs/20211214: No such file or directory
/var/lib/torque/mom_logs/20211214: No matching job records located
/var/lib/torque/sched_logs/20211214: No such file or directory
Wheeler Portable Batch System Epilogue
