Wheeler Portable Batch System Prologue
Job Id: 1735496.wheeler-sn.alliance.unm.edu
Username: jtran989
Job 1735496.wheeler-sn.alliance.unm.edu running on nodes:
wheeler085 wheeler076 wheeler044 wheeler043 wheeler038 wheeler037 wheeler022 wheeler021 

prologue running on host: wheeler085
Agent pid 19795
Identity added: /users/jtran989/.ssh/true_id_rsa (/users/jtran989/.ssh/true_id_rsa)
Agent pid 5535
Agent pid 27105
Agent pid 5685
Agent pid 31627
Agent pid 1109
Agent pid 19543
Agent pid 9340
Identity added: /users/jtran989/.ssh/true_id_rsa (/users/jtran989/.ssh/true_id_rsa)
Identity added: /users/jtran989/.ssh/true_id_rsa (/users/jtran989/.ssh/true_id_rsa)
Identity added: /users/jtran989/.ssh/true_id_rsa (/users/jtran989/.ssh/true_id_rsa)
Identity added: /users/jtran989/.ssh/true_id_rsa (/users/jtran989/.ssh/true_id_rsa)
Identity added: /users/jtran989/.ssh/true_id_rsa (/users/jtran989/.ssh/true_id_rsa)
Identity added: /users/jtran989/.ssh/true_id_rsa (/users/jtran989/.ssh/true_id_rsa)
Identity added: /users/jtran989/.ssh/true_id_rsa (/users/jtran989/.ssh/true_id_rsa)
tol: 1e-08
new communication (chunks with multiple messages): True
chunk size: 400
number of processes: 64
Nt values: [1024]
N values: [128]
T: 0.25
n_local: 256
r0 norm: 3.304095432539274e-05
n_local: 256
rk norm: 3.296700193341414e-13
Residual ratio: 9.977617961257926e-09
First time step
did converge, i = 293
n_local: 256
r0 norm: 0.055552106093093384
n_local: 256
rk norm: 5.26067511083667e-10
Residual ratio: 9.469803182656855e-09
Last time step
did converge, i = 291
timing 0: 205.20097732543945
Nt, N, Error is:  1024,  128,  7.942573540694114e-07
/var/lib/torque/server_priv/accounting/20211214: No such file or directory
/var/lib/torque/server_logs/20211214: No such file or directory
/var/lib/torque/mom_logs/20211214: No matching job records located
/var/lib/torque/sched_logs/20211214: No such file or directory
Wheeler Portable Batch System Epilogue
