Wheeler Portable Batch System Prologue
Job Id: 1735474.wheeler-sn.alliance.unm.edu
Username: jtran989
Job 1735474.wheeler-sn.alliance.unm.edu running on nodes:
wheeler043 

prologue running on host: wheeler043
Agent pid 13085
Identity added: /users/jtran989/.ssh/true_id_rsa (/users/jtran989/.ssh/true_id_rsa)
tol: 1e-15
new communication (chunks with multiple messages): True
chunk size: 400
number of processes: 8
Nt values: [1024]
N values: [128]
T: 0.25
n_local: 2048
r0 norm: 3.3040954323382405e-05
n_local: 2048
rk norm: 1.6817412405875052e-13
Residual ratio: 5.08986884618333e-09
First time step
did NOT converge
n_local: 2048
r0 norm: 0.05555210579788984
n_local: 2048
rk norm: 7.289129445536199e-13
Residual ratio: 1.3121247774216828e-11
Last time step
did NOT converge
timing 0: 186.0510392189026
Nt, N, Error is:  1024,  128,  7.944603805813469e-07
/var/lib/torque/server_priv/accounting/20211214: No such file or directory
/var/lib/torque/server_logs/20211214: No such file or directory
/var/lib/torque/mom_logs/20211214: No matching job records located
/var/lib/torque/sched_logs/20211214: No such file or directory
Wheeler Portable Batch System Epilogue
