Wheeler Portable Batch System Prologue
Job Id: 1734906.wheeler-sn.alliance.unm.edu
Username: jtran989
Job 1734906.wheeler-sn.alliance.unm.edu running on nodes:
wheeler175 wheeler174 wheeler164 wheeler158 wheeler156 wheeler150 wheeler148 wheeler147 

prologue running on host: wheeler175
Agent pid 11615
Identity added: /users/jtran989/.ssh/true_id_rsa (/users/jtran989/.ssh/true_id_rsa)
Agent pid 20876
Agent pid 4290
Agent pid 8948
Identity added: /users/jtran989/.ssh/true_id_rsa (/users/jtran989/.ssh/true_id_rsa)
Agent pid 4964
Agent pid 27633
Identity added: /users/jtran989/.ssh/true_id_rsa (/users/jtran989/.ssh/true_id_rsa)
Agent pid 28404
Agent pid 9094
Identity added: /users/jtran989/.ssh/true_id_rsa (/users/jtran989/.ssh/true_id_rsa)
Identity added: /users/jtran989/.ssh/true_id_rsa (/users/jtran989/.ssh/true_id_rsa)
Identity added: /users/jtran989/.ssh/true_id_rsa (/users/jtran989/.ssh/true_id_rsa)
Identity added: /users/jtran989/.ssh/true_id_rsa (/users/jtran989/.ssh/true_id_rsa)
Identity added: /users/jtran989/.ssh/true_id_rsa (/users/jtran989/.ssh/true_id_rsa)
tol: 0.0001
number of processes: 64
Nt values: [1024]
N values: [512]
T: 0.015625
b: [ 9.03924445e+00  5.01947183e+00  5.01900120e+00 ... -2.99991811e-04
 -3.00019941e-04 -4.00058567e+00]
x0: [ 0.9999625   0.99990625  0.99981249 ... -0.99503552 -0.99512882
 -0.9951848 ]
r0 vector: [-1.06151479e-08 -5.98748962e-09 -5.98692829e-09 ...  1.35869416e-09
  1.35882172e-09  5.98075456e-09]
r0 norm: 3.9467084273298145e-07
n_local: 4096
rk_vector: [ 1.77635684e-15  0.00000000e+00 -3.55271368e-15 ...  2.98649994e-14
  2.42028619e-14  1.15463195e-14]
rk norm: 3.785774134262705e-11
Residual ratio: 9.592231612670735e-05
First time step
did converge, i = 149
b: [ 9.02835630e+00  5.01342566e+00  5.01295560e+00 ... -2.97289983e-04
 -2.97317860e-04 -3.99576445e+00]
x0: [ 0.99876035  0.99870417  0.99861053 ... -0.9938393  -0.99393249
 -0.9939884 ]
r0 vector: [-2.12720714e-05 -1.18123368e-05 -1.18112319e-05 ...  2.35084704e-06
  2.35104891e-06  1.17990625e-05]
r0 norm: 0.0007067382146966137
n_local: 4096
rk_vector: [-2.72670775e-12 -5.42232925e-12 -8.03090927e-12 ...  5.56275026e-11
  3.75145470e-11  1.89039895e-11]
rk norm: 6.964043841716675e-08
Residual ratio: 9.853781353405628e-05
Last time step
did converge, i = 148
timing 0: 365.9246439933777
Nt, N, Error is:  1024,  512,  5.185975986253794e-09
/var/lib/torque/server_priv/accounting/20211214: No such file or directory
/var/lib/torque/server_logs/20211214: No such file or directory
/var/lib/torque/mom_logs/20211214: No matching job records located
/var/lib/torque/sched_logs/20211214: No such file or directory
Wheeler Portable Batch System Epilogue
