Wheeler Portable Batch System Prologue
Job Id: 1735459.wheeler-sn.alliance.unm.edu
Username: jtran989
Job 1735459.wheeler-sn.alliance.unm.edu running on nodes:
wheeler081 

prologue running on host: wheeler081
Agent pid 960
Identity added: /users/jtran989/.ssh/true_id_rsa (/users/jtran989/.ssh/true_id_rsa)
tol: 0.0001
new communication (chunks with multiple messages): True
chunk size: 400
number of processes: 2
Nt values: [1024]
N values: [512]
T: 0.015625
n_local: 131072
r0 norm: 3.946708420903792e-07
n_local: 131072
rk norm: 3.785805205474242e-11
Residual ratio: 9.592310355187821e-05
First time step
did converge, i = 149
n_local: 131072
r0 norm: 0.0007067382146953396
n_local: 131072
rk norm: 6.964043847292348e-08
Residual ratio: 9.853781361312697e-05
Last time step
did converge, i = 148
timing 0: 2122.744724750519
Nt, N, Error is:  1024,  512,  5.185975997859608e-09
/var/lib/torque/server_priv/accounting/20211214: No such file or directory
/var/lib/torque/server_logs/20211214: No such file or directory
/var/lib/torque/mom_logs/20211214: No matching job records located
/var/lib/torque/sched_logs/20211214: No such file or directory
Wheeler Portable Batch System Epilogue
