Wheeler Portable Batch System Prologue
Job Id: 1735501.wheeler-sn.alliance.unm.edu
Username: jtran989
Job 1735501.wheeler-sn.alliance.unm.edu running on nodes:
wheeler097 wheeler096 wheeler095 wheeler094 wheeler090 wheeler087 wheeler085 wheeler081 

prologue running on host: wheeler097
Agent pid 5076
Identity added: /users/jtran989/.ssh/true_id_rsa (/users/jtran989/.ssh/true_id_rsa)
Agent pid 32548
Agent pid 9170
Agent pid 16342
Identity added: /users/jtran989/.ssh/true_id_rsa (/users/jtran989/.ssh/true_id_rsa)
Agent pid 29641
Identity added: /users/jtran989/.ssh/true_id_rsa (/users/jtran989/.ssh/true_id_rsa)
Agent pid 10998
Identity added: /users/jtran989/.ssh/true_id_rsa (/users/jtran989/.ssh/true_id_rsa)
Identity added: /users/jtran989/.ssh/true_id_rsa (/users/jtran989/.ssh/true_id_rsa)
Identity added: /users/jtran989/.ssh/true_id_rsa (/users/jtran989/.ssh/true_id_rsa)
Agent pid 4970
Identity added: /users/jtran989/.ssh/true_id_rsa (/users/jtran989/.ssh/true_id_rsa)
Agent pid 22769
Identity added: /users/jtran989/.ssh/true_id_rsa (/users/jtran989/.ssh/true_id_rsa)
tol: 1e-10
new communication (chunks with multiple messages): True
chunk size: 400
number of processes: 64
Nt values: [1024]
N values: [512]
T: 0.015625
n_local: 4096
r0 norm: 3.9467084273298145e-07
n_local: 4096
rk norm: 7.122973031976702e-13
Residual ratio: 1.8047882591610196e-06
First time step
did NOT converge
n_local: 4096
r0 norm: 0.0007067016151226041
n_local: 4096
rk norm: 7.048567415979846e-13
Residual ratio: 9.973894590232408e-10
Last time step
did NOT converge
timing 0: 2941.66796708107
Nt, N, Error is:  1024,  512,  4.6598897369722936e-08
/var/lib/torque/server_priv/accounting/20211214: No such file or directory
/var/lib/torque/server_logs/20211214: No such file or directory
/var/lib/torque/mom_logs/20211214: No matching job records located
/var/lib/torque/sched_logs/20211214: No such file or directory
Wheeler Portable Batch System Epilogue
