Wheeler Portable Batch System Prologue
Job Id: 1734274.wheeler-sn.alliance.unm.edu
Username: jtran989
Job 1734274.wheeler-sn.alliance.unm.edu running on nodes:
wheeler114 wheeler110 wheeler106 wheeler104 wheeler103 wheeler096 wheeler095 wheeler093 

prologue running on host: wheeler114
Agent pid 13203
Identity added: /users/jtran989/.ssh/true_id_rsa (/users/jtran989/.ssh/true_id_rsa)
Agent pid 2647
Agent pid 13526
Agent pid 25007
Agent pid 17685
Agent pid 28450
Agent pid 14394
Identity added: /users/jtran989/.ssh/true_id_rsa (/users/jtran989/.ssh/true_id_rsa)
Identity added: /users/jtran989/.ssh/true_id_rsa (/users/jtran989/.ssh/true_id_rsa)
Identity added: /users/jtran989/.ssh/true_id_rsa (/users/jtran989/.ssh/true_id_rsa)
Identity added: /users/jtran989/.ssh/true_id_rsa (/users/jtran989/.ssh/true_id_rsa)
Identity added: /users/jtran989/.ssh/true_id_rsa (/users/jtran989/.ssh/true_id_rsa)
Identity added: /users/jtran989/.ssh/true_id_rsa (/users/jtran989/.ssh/true_id_rsa)
Agent pid 6409
Identity added: /users/jtran989/.ssh/true_id_rsa (/users/jtran989/.ssh/true_id_rsa)
Wheeler Portable Batch System Epilogue
