Wheeler Portable Batch System Prologue
Job Id: 1734797.wheeler-sn.alliance.unm.edu
Username: jtran989
Job 1734797.wheeler-sn.alliance.unm.edu running on nodes:
wheeler293 

prologue running on host: wheeler293
Agent pid 20767
Identity added: /users/jtran989/.ssh/true_id_rsa (/users/jtran989/.ssh/true_id_rsa)
tol: 1e-10
number of processes: 1
Nt values: [16]
N values: [100]
T: 0.0064
b: [9.70807974 5.34998614 5.33703418 ... 5.33703418 5.34998614 9.70807974]
x0: [0.9990328  0.99758282 0.99516773 ... 0.99516773 0.99758282 0.9990328 ]
r0 vector: [-8.94041752e-06 -5.02498868e-06 -5.01282353e-06 ... -5.01282352e-06
 -5.02498868e-06 -8.94041752e-06]
r0 norm: 8.940486737269091e-05
n_local: 10000
rk_vector: [-1.77635684e-15  6.21724894e-15 -5.32907052e-15 ...  3.55271368e-15
 -1.77635684e-15  0.00000000e+00]
rk norm: 1.800635074588451e-13
Residual ratio: 2.0140235397725813e-09
First time step
did NOT converge
b: [9.70612615 5.34890944 5.33596005 ... 5.33596005 5.34890944 9.70612615]
x0: [0.99885681 0.99740702 0.99499232 ... 0.99499232 0.99740702 0.99885681]
r0 vector: [-0.0002529  -0.00013937 -0.00013904 ... -0.00013904 -0.00013937
 -0.0002529 ]
r0 norm: 0.0023516047793738517
n_local: 10000
rk_vector: [ 1.77635684e-15 -1.77635684e-15 -8.88178420e-16 ... -4.44089210e-15
  5.32907052e-15 -1.77635684e-15]
rk norm: 2.2915047802136853e-13
Residual ratio: 9.744429847705239e-11
Last time step
did converge, i = 386
timing 0: 1.8022267818450928
Nt, N, Error is:  16,  100,  1.0117320999213455e-06
Wheeler Portable Batch System Epilogue
