Wheeler Portable Batch System Prologue
Job Id: 1735478.wheeler-sn.alliance.unm.edu
Username: jtran989
Job 1735478.wheeler-sn.alliance.unm.edu running on nodes:
wheeler039 

prologue running on host: wheeler039
Agent pid 4292
Identity added: /users/jtran989/.ssh/true_id_rsa (/users/jtran989/.ssh/true_id_rsa)
tol: 1e-15
new communication (chunks with multiple messages): True
chunk size: 400
number of processes: 8
Nt values: [1024]
N values: [512]
T: 0.015625
n_local: 32768
r0 norm: 3.946708424257188e-07
n_local: 32768
rk norm: 7.169200506071734e-13
Residual ratio: 1.8165011790606376e-06
First time step
did NOT converge
n_local: 32768
r0 norm: 0.0007067016151225691
n_local: 32768
rk norm: 6.98251413904929e-13
Residual ratio: 9.880427594379071e-10
Last time step
did NOT converge
timing 0: 4653.405112981796
Nt, N, Error is:  1024,  512,  4.659889739870093e-08
/var/lib/torque/server_priv/accounting/20211214: No such file or directory
/var/lib/torque/server_logs/20211214: No such file or directory
/var/lib/torque/mom_logs/20211214: No matching job records located
/var/lib/torque/sched_logs/20211214: No such file or directory
Wheeler Portable Batch System Epilogue
