Wheeler Portable Batch System Prologue
Job Id: 1734246.wheeler-sn.alliance.unm.edu
Username: jtran989
Job 1734246.wheeler-sn.alliance.unm.edu running on nodes:
wheeler048 wheeler047 wheeler046 wheeler042 

prologue running on host: wheeler048
Agent pid 4540
Identity added: /users/jtran989/.ssh/true_id_rsa (/users/jtran989/.ssh/true_id_rsa)
Agent pid 3077
Agent pid 16143
Agent pid 22743
Identity added: /users/jtran989/.ssh/true_id_rsa (/users/jtran989/.ssh/true_id_rsa)
Identity added: /users/jtran989/.ssh/true_id_rsa (/users/jtran989/.ssh/true_id_rsa)
Identity added: /users/jtran989/.ssh/true_id_rsa (/users/jtran989/.ssh/true_id_rsa)
tol: 1e-08
number of processes: 32
Nt values: [1024]
N values: [256]
T: 0.0625
timing 0: 437.77942752838135
Nt, N, Error is:  1024,  256,  2.563731359363811e-07
Wheeler Portable Batch System Epilogue
