Wheeler Portable Batch System Prologue
Job Id: 1735457.wheeler-sn.alliance.unm.edu
Username: jtran989
Job 1735457.wheeler-sn.alliance.unm.edu running on nodes:
wheeler083 

prologue running on host: wheeler083
Agent pid 1925
Identity added: /users/jtran989/.ssh/true_id_rsa (/users/jtran989/.ssh/true_id_rsa)
tol: 1e-10
new communication (chunks with multiple messages): True
chunk size: 400
number of processes: 2
Nt values: [1024]
N values: [128]
T: 0.25
n_local: 8192
r0 norm: 3.304095432529959e-05
n_local: 8192
rk norm: 1.7350589915236996e-13
Residual ratio: 5.251237523109791e-09
First time step
did NOT converge
n_local: 8192
r0 norm: 0.05555210580047039
n_local: 8192
rk norm: 5.400535701131811e-12
Residual ratio: 9.721567928548412e-11
Last time step
did converge, i = 366
timing 0: 308.5749673843384
Nt, N, Error is:  1024,  128,  7.944585530410803e-07
/var/lib/torque/server_priv/accounting/20211214: No such file or directory
/var/lib/torque/server_logs/20211214: No such file or directory
/var/lib/torque/mom_logs/20211214: No matching job records located
/var/lib/torque/sched_logs/20211214: No such file or directory
Wheeler Portable Batch System Epilogue
