Wheeler Portable Batch System Prologue
Job Id: 1732865.wheeler-sn.alliance.unm.edu
Username: jtran989
Job 1732865.wheeler-sn.alliance.unm.edu running on nodes:
wheeler115 wheeler113 wheeler112 wheeler111 wheeler110 wheeler106 wheeler104 wheeler103 

prologue running on host: wheeler115
Agent pid 19981
Identity added: /users/jtran989/.ssh/true_id_rsa (/users/jtran989/.ssh/true_id_rsa)
Agent pid 3096
Agent pid 28930
Agent pid 11154
Identity added: /users/jtran989/.ssh/true_id_rsa (/users/jtran989/.ssh/true_id_rsa)
Agent pid 22259
Agent pid 6750
Agent pid 14580
Identity added: /users/jtran989/.ssh/true_id_rsa (/users/jtran989/.ssh/true_id_rsa)
Identity added: /users/jtran989/.ssh/true_id_rsa (/users/jtran989/.ssh/true_id_rsa)
Identity added: /users/jtran989/.ssh/true_id_rsa (/users/jtran989/.ssh/true_id_rsa)
Identity added: /users/jtran989/.ssh/true_id_rsa (/users/jtran989/.ssh/true_id_rsa)
Agent pid 29166
Identity added: /users/jtran989/.ssh/true_id_rsa (/users/jtran989/.ssh/true_id_rsa)
Identity added: /users/jtran989/.ssh/true_id_rsa (/users/jtran989/.ssh/true_id_rsa)
Wheeler Portable Batch System Epilogue
