Wheeler Portable Batch System Prologue
Job Id: 1734249.wheeler-sn.alliance.unm.edu
Username: jtran989
Job 1734249.wheeler-sn.alliance.unm.edu running on nodes:
wheeler174 wheeler160 wheeler158 wheeler115 wheeler090 wheeler087 wheeler018 wheeler017 

prologue running on host: wheeler174
Agent pid 28105
Identity added: /users/jtran989/.ssh/true_id_rsa (/users/jtran989/.ssh/true_id_rsa)
Agent pid 8790
Agent pid 15590
Identity added: /users/jtran989/.ssh/true_id_rsa (/users/jtran989/.ssh/true_id_rsa)
Agent pid 13968
Identity added: /users/jtran989/.ssh/true_id_rsa (/users/jtran989/.ssh/true_id_rsa)
Identity added: /users/jtran989/.ssh/true_id_rsa (/users/jtran989/.ssh/true_id_rsa)
Agent pid 8727
Agent pid 2768
Identity added: /users/jtran989/.ssh/true_id_rsa (/users/jtran989/.ssh/true_id_rsa)
Identity added: /users/jtran989/.ssh/true_id_rsa (/users/jtran989/.ssh/true_id_rsa)
Agent pid 29626
Identity added: /users/jtran989/.ssh/true_id_rsa (/users/jtran989/.ssh/true_id_rsa)
Agent pid 5532
Identity added: /users/jtran989/.ssh/true_id_rsa (/users/jtran989/.ssh/true_id_rsa)
tol: 0.0001
number of processes: 64
Nt values: [1024]
N values: [256]
T: 0.0625
timing 0: 237.42456197738647
Nt, N, Error is:  1024,  256,  1.0856977109078056e-07
Wheeler Portable Batch System Epilogue
