Wheeler Portable Batch System Prologue
Job Id: 1734896.wheeler-sn.alliance.unm.edu
Username: jtran989
Job 1734896.wheeler-sn.alliance.unm.edu running on nodes:
wheeler181 wheeler180 

prologue running on host: wheeler181
Agent pid 14047
Identity added: /users/jtran989/.ssh/true_id_rsa (/users/jtran989/.ssh/true_id_rsa)
Agent pid 5554
Identity added: /users/jtran989/.ssh/true_id_rsa (/users/jtran989/.ssh/true_id_rsa)
tol: 0.0001
number of processes: 16
Nt values: [1024]
N values: [256]
T: 0.0625
b: [ 9.07095662e+00  5.03487768e+00  5.03299653e+00 ... -1.11408514e-03
 -1.11450154e-03 -3.73155639e+00]
x0: [ 0.99985058  0.99962647  0.99925298 ... -0.92384163 -0.92418693
 -0.92439413]
r0 vector: [-1.70484732e-07 -9.61413003e-08 -9.61053779e-08 ...  2.14133491e-08
  2.14213505e-08  9.43364631e-08]
r0 norm: 3.5035266195037323e-06
n_local: 4096
rk_vector: [-3.37507799e-14 -5.41788836e-14 -9.05941988e-14 ...  8.29336599e-13
  5.59996494e-13  2.80664381e-13]
rk norm: 3.457613196178477e-10
Residual ratio: 9.868950836366818e-05
First time step
did converge, i = 146
b: [ 8.89666090e+00  4.93813400e+00  4.93628901e+00 ... -1.05811876e-03
 -1.05851424e-03 -3.65982106e+00]
x0: [ 0.98067615  0.98045634  0.98009002 ... -0.90612487 -0.90646354
 -0.90666676]
r0 vector: [-3.39495146e-04 -1.88438478e-04 -1.88368127e-04 ...  3.67341560e-05
  3.67473761e-05  1.84901398e-04]
r0 norm: 0.006357519675072526
n_local: 4096
rk_vector: [-5.42286216e-11 -1.07560183e-10 -1.59447566e-10 ...  1.53041979e-09
  1.03341613e-09  5.20545385e-10]
rk norm: 6.31334671737469e-07
Residual ratio: 9.930518567058414e-05
Last time step
did converge, i = 145
timing 0: 231.22075033187866
Nt, N, Error is:  1024,  256,  1.0856977110935769e-07
/var/lib/torque/server_priv/accounting/20211214: No such file or directory
/var/lib/torque/server_logs/20211214: No such file or directory
/var/lib/torque/mom_logs/20211214: No matching job records located
/var/lib/torque/sched_logs/20211214: No such file or directory
Wheeler Portable Batch System Epilogue
