Wheeler Portable Batch System Prologue
Job Id: 1735152.wheeler-sn.alliance.unm.edu
Username: jtran989
Job 1735152.wheeler-sn.alliance.unm.edu running on nodes:
wheeler083 wheeler074 wheeler073 wheeler072 

prologue running on host: wheeler083
Agent pid 19230
Identity added: /users/jtran989/.ssh/true_id_rsa (/users/jtran989/.ssh/true_id_rsa)
Agent pid 17491
Identity added: /users/jtran989/.ssh/true_id_rsa (/users/jtran989/.ssh/true_id_rsa)
Agent pid 13224
Agent pid 1026
Identity added: /users/jtran989/.ssh/true_id_rsa (/users/jtran989/.ssh/true_id_rsa)
Identity added: /users/jtran989/.ssh/true_id_rsa (/users/jtran989/.ssh/true_id_rsa)
tol: 0.0001
number of processes: 32
Nt values: [1024]
N values: [128]
T: 0.25
b: [ 9.13524431e+00  5.06522544e+00  5.05771102e+00 ... -4.71938818e-03
 -4.72639994e-03 -3.99450715e+00]
x0: [ 0.99940703  0.99851788  0.99703654 ... -0.97846384 -0.97991758
 -0.98079017]
r0 vector: [-2.74854004e-06 -1.54900440e-06 -1.54670641e-06 -1.54349112e-06
 -1.53936045e-06 -1.53431685e-06 -1.52836330e-06 -1.52150335e-06
 -1.51374104e-06 -1.50508101e-06 -1.49552836e-06 -1.48508878e-06
 -1.47376845e-06 -1.46157408e-06 -1.44851292e-06 -1.43459270e-06
 -1.41982168e-06 -1.40420862e-06 -1.38776278e-06 -1.37049391e-06
 -1.35241226e-06 -1.33352854e-06 -1.31385397e-06 -1.29340019e-06
 -1.27217936e-06 -1.25020404e-06 -1.22748728e-06 -1.20404254e-06
 -1.17988373e-06 -1.15502519e-06 -1.12948164e-06 -1.10326824e-06
 -1.07640054e-06 -1.04889446e-06 -1.02076633e-06 -9.92032822e-07
 -9.62710981e-07 -9.32818189e-07 -9.02372187e-07 -8.71391018e-07
 -8.39893066e-07 -8.07897002e-07 -7.75421808e-07 -7.42486745e-07
 -7.09111339e-07 -6.75315387e-07 -6.41118935e-07 -6.06542259e-07
 -5.71605869e-07 -5.36330480e-07 -5.00737015e-07 -4.64846583e-07
 -4.28680471e-07 -3.92260121e-07 -3.55607140e-07 -3.18743263e-07
 -2.81690351e-07 -2.44470379e-07 -2.07105423e-07 -1.69617641e-07
 -1.32029264e-07 -9.43625847e-08 -5.66399481e-08 -1.88837152e-08
  1.88837152e-08  5.66399472e-08  9.43625857e-08  1.32029264e-07
  1.69617642e-07  2.07105422e-07  2.44470379e-07  2.81690351e-07
  3.18743264e-07  3.55607139e-07  3.92260121e-07  4.28680471e-07
  4.64846581e-07  5.00737014e-07  5.36330479e-07  5.71605868e-07
  6.06542258e-07  6.41118935e-07  6.75315387e-07  7.09111338e-07
  7.42486745e-07  7.75421808e-07  8.07897001e-07  8.39893066e-07
  8.71391021e-07  9.02372184e-07  9.32818191e-07  9.62710981e-07
  9.92032820e-07  1.02076633e-06  1.04889446e-06  1.07640054e-06
  1.10326824e-06  1.12948164e-06  1.15502519e-06  1.17988373e-06
  1.20404254e-06  1.22748728e-06  1.25020404e-06  1.27217936e-06
  1.29340019e-06  1.31385397e-06  1.33352854e-06  1.35241226e-06
  1.37049391e-06  1.38776278e-06  1.40420862e-06  1.41982168e-06
  1.43459270e-06  1.44851292e-06  1.46157408e-06  1.47376845e-06
  1.48508878e-06  1.49552836e-06  1.50508100e-06  1.51374105e-06
  1.52150334e-06  1.52836330e-06  1.53431685e-06  1.53936045e-06
  1.54349112e-06  1.54670641e-06  1.54900440e-06  2.74854004e-06
 -1.54900440e-06 -3.51600992e-07 -3.51079381e-07 -3.50349558e-07
 -3.49411960e-07 -3.48267137e-07 -3.46915767e-07 -3.45358661e-07
 -3.43596735e-07 -3.41631032e-07 -3.39462726e-07 -3.37093097e-07
 -3.34523546e-07 -3.31755611e-07 -3.28790918e-07 -3.25631236e-07
 -3.22278432e-07 -3.18734501e-07 -3.15001540e-07 -3.11081763e-07
 -3.06977495e-07 -3.02691173e-07 -2.98225337e-07 -2.93582632e-07
 -2.88765818e-07 -2.83777747e-07 -2.78621381e-07 -2.73299774e-07
 -2.67816082e-07 -2.62173563e-07 -2.56375556e-07 -2.50425504e-07
 -2.44326935e-07 -2.38083464e-07 -2.31698796e-07 -2.25176716e-07
 -2.18521094e-07 -2.11735872e-07 -2.04825086e-07 -1.97792817e-07
 -1.90643253e-07 -1.83380619e-07 -1.76009234e-07 -1.68533463e-07
 -1.60957741e-07 -1.53286562e-07 -1.45524477e-07 -1.37676083e-07
 -1.29746042e-07 -1.21739053e-07 -1.13659865e-07 -1.05513270e-07
 -9.73041012e-08 -8.90372205e-08 -8.07175395e-08 -7.23499867e-08
 -6.39395263e-08 -5.54911440e-08 -4.70098550e-08 -3.85006859e-08
 -2.99686821e-08 -2.14189039e-08 -1.28564284e-08 -4.28632284e-09
  4.28632287e-09  1.28564275e-08  2.14189047e-08  2.99686821e-08
  3.85006868e-08  4.70098542e-08  5.54911444e-08  6.39395259e-08
  7.23499871e-08  8.07175383e-08  8.90372215e-08  9.73041014e-08
  1.05513269e-07  1.13659864e-07  1.21739053e-07  1.29746042e-07
  1.37676083e-07  1.45524477e-07  1.53286563e-07  1.60957742e-07
  1.68533464e-07  1.76009233e-07  1.83380618e-07  1.90643253e-07
  1.97792819e-07  2.04825083e-07  2.11735874e-07  2.18521095e-07
  2.25176715e-07  2.31698796e-07  2.38083465e-07  2.44326937e-07
  2.50425502e-07  2.56375555e-07  2.62173563e-07  2.67816083e-07
  2.73299774e-07  2.78621380e-07  2.83777747e-07  2.88765819e-07
  2.93582632e-07  2.98225337e-07  3.02691173e-07  3.06977494e-07
  3.11081762e-07  3.15001539e-07  3.18734501e-07  3.22278433e-07
  3.25631237e-07  3.28790918e-07  3.31755611e-07  3.34523546e-07
  3.37093094e-07  3.39462724e-07  3.41631033e-07  3.43596732e-07
  3.45358663e-07  3.46915768e-07  3.48267135e-07  3.49411960e-07
  3.50349559e-07  3.51079380e-07  3.51600993e-07  1.54900440e-06
 -1.54670641e-06 -3.51079381e-07 -3.50558544e-07 -3.49829805e-07
 -3.48893595e-07 -3.47750473e-07 -3.46401109e-07 -3.44846309e-07
 -3.43086996e-07 -3.41124214e-07 -3.38959123e-07 -3.36593005e-07
 -3.34027271e-07 -3.31263440e-07 -3.28303147e-07 -3.25148151e-07
 -3.21800323e-07 -3.18261648e-07 -3.14534225e-07 -3.10620263e-07
 -3.06522085e-07 -3.02242122e-07 -2.97782909e-07 -2.93147095e-07
 -2.88337426e-07 -2.83356756e-07 -2.78208037e-07 -2.72894327e-07
 -2.67418770e-07 -2.61784619e-07 -2.55995215e-07 -2.50053991e-07
 -2.43964468e-07 -2.37730259e-07 -2.31355063e-07 -2.24842659e-07
 -2.18196912e-07 -2.11421757e-07 -2.04521220e-07 -1.97499387e-07
 -1.90360427e-07 -1.83108570e-07 -1.75748118e-07 -1.68283439e-07
 -1.60718957e-07 -1.53059157e-07 -1.45308586e-07 -1.37471837e-07
 -1.29553561e-07 -1.21558449e-07 -1.13491246e-07 -1.05356738e-07
 -9.71597477e-08 -8.89051305e-08 -8.05977924e-08 -7.22426538e-08
 -6.38446695e-08 -5.54088217e-08 -4.69401150e-08 -3.84435689e-08
 -2.99242224e-08 -2.13871284e-08 -1.28373555e-08 -4.27996396e-09
  4.27996397e-09  1.28373546e-08  2.13871291e-08  2.99242225e-08
  3.84435699e-08  4.69401136e-08  5.54088216e-08  6.38446694e-08
  7.22426539e-08  8.05977916e-08  8.89051313e-08  9.71597481e-08
  1.05356737e-07  1.13491246e-07  1.21558450e-07  1.29553561e-07
  1.37471836e-07  1.45308587e-07  1.53059157e-07  1.60718957e-07
  1.68283440e-07  1.75748117e-07  1.83108570e-07  1.90360427e-07
  1.97499389e-07  2.04521216e-07  2.11421758e-07  2.18196912e-07
  2.24842658e-07  2.31355063e-07  2.37730261e-07  2.43964468e-07
  2.50053989e-07  2.55995216e-07  2.61784620e-07  2.67418770e-07
  2.72894326e-07  2.78208037e-07  2.83356756e-07  2.88337426e-07
  2.93147094e-07  2.97782909e-07  3.02242121e-07  3.06522086e-07
  3.10620262e-07  3.14534225e-07  3.18261650e-07  3.21800322e-07
  3.25148152e-07  3.28303149e-07  3.31263442e-07  3.34027270e-07
  3.36593009e-07  3.38959122e-07  3.41124215e-07  3.43086999e-07
  3.44846310e-07  3.46401109e-07  3.47750473e-07  3.48893596e-07
  3.49829805e-07  3.50558545e-07  3.51079381e-07  1.54670641e-06
 -1.54349112e-06 -3.50349558e-07 -3.49829805e-07 -3.49102581e-07
 -3.48168319e-07 -3.47027567e-07 -3.45681010e-07 -3.44129445e-07
 -3.42373791e-07 -3.40415084e-07 -3.38254495e-07 -3.35893300e-07
 -3.33332899e-07 -3.30574810e-07 -3.27620674e-07 -3.24472235e-07
 -3.21131365e-07 -3.17600045e-07 -3.13880373e-07 -3.09974548e-07
 -3.05884888e-07 -3.01613820e-07 -2.97163882e-07 -2.92537699e-07
 -2.87738033e-07 -2.82767714e-07 -2.77629698e-07 -2.72327032e-07
 -2.66862862e-07 -2.61240422e-07 -2.55463052e-07 -2.49534181e-07
 -2.43457315e-07 -2.37236068e-07 -2.30874122e-07 -2.24375256e-07
 -2.17743322e-07 -2.10982254e-07 -2.04096064e-07 -1.97088824e-07
 -1.89964707e-07 -1.82727924e-07 -1.75382773e-07 -1.67933610e-07
 -1.60384855e-07 -1.52740979e-07 -1.45006520e-07 -1.37186061e-07
 -1.29284245e-07 -1.21305755e-07 -1.13255321e-07 -1.05137723e-07
 -9.69577715e-08 -8.87203157e-08 -8.04302458e-08 -7.20924760e-08
 -6.37119497e-08 -5.52936377e-08 -4.68425357e-08 -3.83636526e-08
 -2.98620162e-08 -2.13426686e-08 -1.28106693e-08 -4.27106680e-09
  4.27106680e-09  1.28106684e-08  2.13426695e-08  2.98620163e-08
  3.83636537e-08  4.68425343e-08  5.52936379e-08  6.37119494e-08
  7.20924762e-08  8.04302450e-08  8.87203165e-08  9.69577721e-08
  1.05137722e-07  1.13255322e-07  1.21305754e-07  1.29284244e-07
  1.37186061e-07  1.45006520e-07  1.52740978e-07  1.60384854e-07
  1.67933614e-07  1.75382772e-07  1.82727923e-07  1.89964707e-07
  1.97088827e-07  2.04096060e-07  2.10982256e-07  2.17743324e-07
  2.24375255e-07  2.30874123e-07  2.37236068e-07  2.43457317e-07
  2.49534177e-07  2.55463052e-07  2.61240421e-07  2.66862862e-07
  2.72327032e-07  2.77629697e-07  2.82767714e-07  2.87738033e-07
  2.92537700e-07  2.97163881e-07  3.01613821e-07  3.05884891e-07
  3.09974547e-07  3.13880373e-07  3.17600048e-07  3.21131365e-07
  3.24472236e-07  3.27620672e-07  3.30574812e-07  3.33332897e-07
  3.35893301e-07  3.38254495e-07  3.40415086e-07  3.42373788e-07
  3.44129445e-07  3.45681011e-07  3.47027568e-07  3.48168319e-07
  3.49102581e-07  3.49829807e-07  3.50349559e-07  1.54349112e-06]
r0 norm: 3.3040954325076526e-05
n_local: 512
rk_vector: [-6.59028387e-13 -1.30828681e-12 -1.93711713e-12 -2.53663757e-12
 -3.09441361e-12 -3.60422803e-12 -4.07673895e-12 -4.48707738e-12
 -4.84590146e-12 -5.14877030e-12 -5.40190115e-12 -5.60529401e-12
 -5.76427794e-12 -5.87530025e-12 -5.96322991e-12 -6.00586247e-12
 -6.02895511e-12 -6.02362604e-12 -6.00319794e-12 -5.96322991e-12
 -5.91082738e-12 -5.84865489e-12 -5.77138337e-12 -5.69144731e-12
 -5.60440583e-12 -5.51203527e-12 -5.41611200e-12 -5.31308331e-12
 -5.20961052e-12 -5.09947640e-12 -4.98623365e-12 -4.87121454e-12
 -4.75042228e-12 -4.63051819e-12 -4.50883775e-12 -4.37871961e-12
 -4.24815738e-12 -4.12070378e-12 -3.98170386e-12 -3.84492438e-12
 -3.70681263e-12 -3.56781271e-12 -3.42215145e-12 -3.27915473e-12
 -3.13171711e-12 -2.98072678e-12 -2.83106871e-12 -2.67785794e-12
 -2.52375898e-12 -2.36632935e-12 -2.21200835e-12 -2.05213624e-12
 -1.89337435e-12 -1.73083770e-12 -1.57007740e-12 -1.40731871e-12
 -1.24322774e-12 -1.07935882e-12 -9.14379683e-13 -7.48956452e-13
 -5.82922599e-13 -4.16611190e-13 -2.50022225e-13 -8.34401992e-14
  8.33985658e-14  2.50188759e-13  4.16444657e-13  5.82978110e-13
  7.48734408e-13  9.14490705e-13  1.07924780e-12  1.24367183e-12
  1.40731871e-12  1.57007740e-12  1.73061565e-12  1.89470661e-12
  2.05102602e-12  2.21112018e-12  2.36721753e-12  2.52375898e-12
  2.67696976e-12  2.83062462e-12  2.98117087e-12  3.13171711e-12
  3.27693428e-12  3.42526008e-12  3.56470409e-12  3.70681263e-12
  3.84670074e-12  3.98348021e-12  4.11892742e-12  4.25171010e-12
  4.37916370e-12  4.50750548e-12  4.63273864e-12  4.74997819e-12
  4.87077045e-12  4.98889818e-12  5.09681186e-12  5.20916643e-12
  5.31130695e-12  5.41522382e-12  5.51025892e-12  5.60707036e-12
  5.69144731e-12  5.77138337e-12  5.84776672e-12  5.91082738e-12
  5.96322991e-12  5.99964523e-12  6.02362604e-12  6.02984329e-12
  6.00497430e-12  5.96234173e-12  5.87530025e-12  5.76427794e-12
  5.60440583e-12  5.40278933e-12  5.14877030e-12  4.84678964e-12
  4.48885373e-12  4.07762712e-12  3.60778074e-12  3.09707815e-12
  2.53308485e-12  1.94066985e-12  1.30828681e-12  6.57252031e-13
 -1.30473410e-12 -2.59681165e-12 -3.84403620e-12 -5.02753394e-12
 -6.13975537e-12 -7.16127158e-12 -8.08209055e-12 -8.90354457e-12
 -9.61053459e-12 -1.02198250e-11 -1.07119869e-11 -1.11242127e-11
 -1.14332988e-11 -1.16653354e-11 -1.18218768e-11 -1.19189103e-11
 -1.19556587e-11 -1.19535493e-11 -1.19043664e-11 -1.18266508e-11
 -1.17229559e-11 -1.15984999e-11 -1.14509513e-11 -1.12907461e-11
 -1.11183285e-11 -1.09338094e-11 -1.07414078e-11 -1.05403464e-11
 -1.03261844e-11 -1.01136877e-11 -9.89230919e-12 -9.66160485e-12
 -9.42623757e-12 -9.18709553e-12 -8.93884966e-12 -8.68771721e-12
 -8.43092263e-12 -8.16924306e-12 -7.90389976e-12 -7.63100694e-12
 -7.35556061e-12 -7.07534031e-12 -6.79312162e-12 -6.50096643e-12
 -6.20892227e-12 -5.91554583e-12 -5.61456437e-12 -5.31230615e-12
 -5.00544051e-12 -4.69768668e-12 -4.38571401e-12 -4.07152090e-12
 -3.75477427e-12 -3.43464146e-12 -3.11406456e-12 -2.79115620e-12
 -2.46652698e-12 -2.14089857e-12 -1.81382687e-12 -1.48536738e-12
 -1.15633891e-12 -8.26373692e-13 -4.96179486e-13 -1.65308739e-13
  1.65320882e-13  4.96054586e-13  8.26221036e-13  1.15624177e-12
  1.48554780e-12  1.81385462e-12  2.14089857e-12  2.46699883e-12
  2.79137824e-12  3.11428661e-12  3.43564066e-12  3.75338649e-12
  4.07207601e-12  4.38582504e-12  4.69735362e-12  5.00621766e-12
  5.31175104e-12  5.61423130e-12  5.91499072e-12  6.20992147e-12
  6.50307586e-12  6.78879175e-12  7.07633951e-12  7.35467243e-12
  7.63267227e-12  7.90201238e-12  8.17057533e-12  8.43092263e-12
  8.68616290e-12  8.94029295e-12  9.18487508e-12  9.42790290e-12
  9.66060565e-12  9.89064386e-12  1.01141318e-11  1.03260733e-11
  1.05403464e-11  1.07397424e-11  1.09338094e-11  1.11165521e-11
  1.12908571e-11  1.14519505e-11  1.15983889e-11  1.17232890e-11
  1.18298704e-11  1.19040333e-11  1.19535493e-11  1.19535493e-11
  1.19207977e-11  1.18233201e-11  1.16675558e-11  1.14324106e-11
  1.11241016e-11  1.07088782e-11  1.02233777e-11  9.60753699e-12
  8.90443275e-12  8.07898193e-12  7.16127158e-12  6.13620266e-12
  5.03375119e-12  3.84314802e-12  2.59858801e-12  1.30917499e-12
 -1.93978167e-12 -3.84403620e-12 -5.68289860e-12 -7.44304618e-12
 -9.08828568e-12 -1.05917497e-11 -1.19685373e-11 -1.31676892e-11
 -1.42310608e-11 -1.51136881e-11 -1.58675295e-11 -1.64526170e-11
 -1.69239067e-11 -1.72646342e-11 -1.75003345e-11 -1.76346715e-11
 -1.76965109e-11 -1.76841874e-11 -1.76205717e-11 -1.75014447e-11
 -1.73497883e-11 -1.71572756e-11 -1.69482206e-11 -1.67088565e-11
 -1.64528391e-11 -1.61810565e-11 -1.58926206e-11 -1.55939706e-11
 -1.52858837e-11 -1.49659174e-11 -1.46360701e-11 -1.42972301e-11
 -1.39495082e-11 -1.35934597e-11 -1.32270861e-11 -1.28557165e-11
 -1.24779076e-11 -1.20867760e-11 -1.16928689e-11 -1.12928555e-11
 -1.08860698e-11 -1.04701803e-11 -1.00487396e-11 -9.62191438e-12
 -9.18914944e-12 -8.75005624e-12 -8.30857605e-12 -7.86010146e-12
 -7.40785211e-12 -6.95088431e-12 -6.48930909e-12 -6.02479178e-12
 -5.55566704e-12 -5.08321163e-12 -4.60836924e-12 -4.13075130e-12
 -3.65121822e-12 -3.16796589e-12 -2.68365885e-12 -2.19813057e-12
 -1.71095083e-12 -1.22284821e-12 -7.33982319e-13 -2.44814585e-13
  2.44818055e-13  7.33933747e-13  1.22275107e-12  1.71085368e-12
  2.19819996e-12  2.68357558e-12  3.16885407e-12  3.65035779e-12
  4.13064027e-12  4.60870231e-12  5.08221243e-12  5.55627766e-12
  6.02423667e-12  6.48942011e-12  6.95077329e-12  7.40796313e-12
  7.86087861e-12  8.30735480e-12  8.75149953e-12  9.18992660e-12
  9.62091518e-12  1.00510711e-11  1.04694031e-11  1.08856257e-11
  1.12914122e-11  1.16945342e-11  1.20876642e-11  1.24765753e-11
  1.28572708e-11  1.32267530e-11  1.35943479e-11  1.39477319e-11
  1.42988954e-11  1.46352930e-11  1.49668056e-11  1.52862167e-11
  1.55957469e-11  1.58927316e-11  1.61810565e-11  1.64541714e-11
  1.67102998e-11  1.69447789e-11  1.71580528e-11  1.73505654e-11
  1.75011117e-11  1.76224590e-11  1.76815229e-11  1.77019510e-11
  1.76303416e-11  1.75000014e-11  1.72597492e-11  1.69239067e-11
  1.64538383e-11  1.58661972e-11  1.51119117e-11  1.42311718e-11
  1.31672451e-11  1.19676491e-11  1.05970788e-11  9.09006204e-12
  7.44304618e-12  5.68822767e-12  3.84403620e-12  1.93267624e-12
 -2.53308485e-12 -5.02842212e-12 -7.44304618e-12 -9.74098580e-12
 -1.18861587e-11 -1.38715706e-11 -1.56520352e-11 -1.72428738e-11
 -1.86095583e-11 -1.97927230e-11 -2.07486250e-11 -2.15412133e-11
 -2.21356267e-11 -2.25897079e-11 -2.28940200e-11 -2.30820918e-11
 -2.31533681e-11 -2.31424879e-11 -2.30527819e-11 -2.29047892e-11
 -2.26989538e-11 -2.24545937e-11 -2.21724861e-11 -2.18619567e-11
 -2.15277796e-11 -2.11729523e-11 -2.07949213e-11 -2.04071204e-11
 -2.00037764e-11 -1.95835570e-11 -1.91501259e-11 -1.87062588e-11
 -1.82527327e-11 -1.77861059e-11 -1.73105974e-11 -1.68227654e-11
 -1.63236091e-11 -1.58189017e-11 -1.53007607e-11 -1.47771795e-11
 -1.42424961e-11 -1.37000411e-11 -1.31505917e-11 -1.25887634e-11
 -1.20241039e-11 -1.14517840e-11 -1.08723586e-11 -1.02857722e-11
 -9.69285763e-12 -9.09333719e-12 -8.49176285e-12 -7.88247245e-12
 -7.26857463e-12 -6.65351108e-12 -6.02937145e-12 -5.40617551e-12
 -4.77590190e-12 -4.14593360e-12 -3.51174645e-12 -2.87657398e-12
 -2.23869534e-12 -1.59986607e-12 -9.60662105e-13 -3.20118931e-13
  3.20144952e-13  9.60481694e-13  1.60012975e-12  2.23920882e-12
  2.87603275e-12  3.51232932e-12  4.14504542e-12  4.77670681e-12
  5.40550937e-12  6.02937145e-12  6.65340005e-12  7.26896321e-12
  7.88258347e-12  8.49254000e-12  9.09367026e-12  9.69319069e-12
  1.02852171e-11  1.08720255e-11  1.14514509e-11  1.20235488e-11
  1.25928712e-11  1.31489264e-11  1.37010403e-11  1.42420520e-11
  1.47757362e-11  1.53024260e-11  1.58197899e-11  1.63231650e-11
  1.68207670e-11  1.73111525e-11  1.77861059e-11  1.82535098e-11
  1.87065918e-11  1.91511251e-11  1.95817806e-11  2.00041095e-11
  2.04075645e-11  2.07968087e-11  2.11720641e-11  2.15273355e-11
  2.18602914e-11  2.21743734e-11  2.24544827e-11  2.26988428e-11
  2.29066766e-11  2.30506725e-11  2.31447084e-11  2.31499264e-11
  2.30830910e-11  2.28896901e-11  2.25941488e-11  2.21356267e-11
  2.15379936e-11  2.07499573e-11  1.97949435e-11  1.86065607e-11
  1.72477588e-11  1.56462621e-11  1.38706824e-11  1.18905996e-11
  9.74098580e-12  7.44126982e-12  5.03286302e-12  2.53308485e-12]
rk norm: 3.2961365155005465e-09
Residual ratio: 9.975911963895469e-05
First time step
did converge, i = 141
b: [ 6.45959510e+00  3.58165631e+00  3.57634282e+00 ... -2.80633734e-03
 -2.81050682e-03 -2.82401189e+00]
x0: [ 0.70722983  0.70660062  0.70555237 ... -0.69240956 -0.69343824
 -0.69405567]
r0 vector: [-4.95738740e-03 -2.74872778e-03 -2.74465107e-03 -2.73894656e-03
 -2.73161763e-03 -2.72266859e-03 -2.71210477e-03 -2.69993242e-03
 -2.68615875e-03 -2.67079193e-03 -2.65384109e-03 -2.63531627e-03
 -2.61522849e-03 -2.59358964e-03 -2.57041258e-03 -2.54571106e-03
 -2.51949975e-03 -2.49179418e-03 -2.46261080e-03 -2.43196692e-03
 -2.39988073e-03 -2.36637125e-03 -2.33145835e-03 -2.29516276e-03
 -2.25750599e-03 -2.21851039e-03 -2.17819907e-03 -2.13659594e-03
 -2.09372569e-03 -2.04961373e-03 -2.00428622e-03 -1.95777005e-03
 -1.91009281e-03 -1.86128277e-03 -1.81136887e-03 -1.76038073e-03
 -1.70834857e-03 -1.65530325e-03 -1.60127625e-03 -1.54629959e-03
 -1.49040588e-03 -1.43362827e-03 -1.37600044e-03 -1.31755655e-03
 -1.25833127e-03 -1.19835973e-03 -1.13767748e-03 -1.07632053e-03
 -1.01432525e-03 -9.51728417e-04 -8.88567151e-04 -8.24878911e-04
 -7.60701469e-04 -6.96072885e-04 -6.31031487e-04 -5.65615850e-04
 -4.99864769e-04 -4.33817237e-04 -3.67512427e-04 -3.00989659e-04
 -2.34288386e-04 -1.67448165e-04 -1.00508639e-04 -3.35095039e-05
  3.35095039e-05  1.00508639e-04  1.67448165e-04  2.34288386e-04
  3.00989659e-04  3.67512427e-04  4.33817237e-04  4.99864769e-04
  5.65615850e-04  6.31031487e-04  6.96072885e-04  7.60701469e-04
  8.24878911e-04  8.88567151e-04  9.51728417e-04  1.01432525e-03
  1.07632053e-03  1.13767748e-03  1.19835973e-03  1.25833127e-03
  1.31755655e-03  1.37600044e-03  1.43362827e-03  1.49040588e-03
  1.54629959e-03  1.60127625e-03  1.65530325e-03  1.70834857e-03
  1.76038073e-03  1.81136887e-03  1.86128277e-03  1.91009281e-03
  1.95777005e-03  2.00428622e-03  2.04961373e-03  2.09372569e-03
  2.13659594e-03  2.17819907e-03  2.21851039e-03  2.25750599e-03
  2.29516276e-03  2.33145835e-03  2.36637125e-03  2.39988073e-03
  2.43196692e-03  2.46261080e-03  2.49179418e-03  2.51949975e-03
  2.54571106e-03  2.57041258e-03  2.59358964e-03  2.61522849e-03
  2.63531627e-03  2.65384109e-03  2.67079193e-03  2.68615875e-03
  2.69993242e-03  2.71210477e-03  2.72266859e-03  2.73161763e-03
  2.73894656e-03  2.74465107e-03  2.74872778e-03  4.95738740e-03
 -2.74872778e-03 -5.43995371e-04 -5.43190530e-04 -5.42063452e-04
 -5.40614753e-04 -5.38845297e-04 -5.36756085e-04 -5.34348383e-04
 -5.31623577e-04 -5.28583323e-04 -5.25229396e-04 -5.21563830e-04
 -5.17588782e-04 -5.13306654e-04 -5.08719977e-04 -5.03831512e-04
 -4.98644152e-04 -4.93161008e-04 -4.87385330e-04 -4.81320566e-04
 -4.74970314e-04 -4.68338356e-04 -4.61428624e-04 -4.54245227e-04
 -4.46792425e-04 -4.39074644e-04 -4.31096461e-04 -4.22862610e-04
 -4.14377974e-04 -4.05647587e-04 -3.96676626e-04 -3.87470413e-04
 -3.78034406e-04 -3.68374203e-04 -3.58495532e-04 -3.48404252e-04
 -3.38106348e-04 -3.27607927e-04 -3.16915216e-04 -3.06034554e-04
 -2.94972397e-04 -2.83735303e-04 -2.72329937e-04 -2.60763064e-04
 -2.49041543e-04 -2.37172325e-04 -2.25162450e-04 -2.13019041e-04
 -2.00749298e-04 -1.88360500e-04 -1.75859992e-04 -1.63255189e-04
 -1.50553566e-04 -1.37762656e-04 -1.24890044e-04 -1.11943365e-04
 -9.89302976e-05 -8.58585581e-05 -7.27358995e-05 -5.95701041e-05
 -4.63689802e-05 -3.31403567e-05 -1.98920789e-05 -6.63200404e-06
  6.63200404e-06  1.98920789e-05  3.31403567e-05  4.63689802e-05
  5.95701041e-05  7.27358995e-05  8.58585581e-05  9.89302976e-05
  1.11943365e-04  1.24890044e-04  1.37762656e-04  1.50553566e-04
  1.63255189e-04  1.75859992e-04  1.88360500e-04  2.00749298e-04
  2.13019041e-04  2.25162450e-04  2.37172325e-04  2.49041543e-04
  2.60763064e-04  2.72329937e-04  2.83735303e-04  2.94972397e-04
  3.06034554e-04  3.16915216e-04  3.27607927e-04  3.38106348e-04
  3.48404252e-04  3.58495532e-04  3.68374203e-04  3.78034406e-04
  3.87470413e-04  3.96676626e-04  4.05647587e-04  4.14377974e-04
  4.22862610e-04  4.31096461e-04  4.39074644e-04  4.46792425e-04
  4.54245227e-04  4.61428624e-04  4.68338356e-04  4.74970314e-04
  4.81320566e-04  4.87385330e-04  4.93161008e-04  4.98644152e-04
  5.03831512e-04  5.08719977e-04  5.13306654e-04  5.17588782e-04
  5.21563830e-04  5.25229396e-04  5.28583323e-04  5.31623577e-04
  5.34348383e-04  5.36756085e-04  5.38845297e-04  5.40614753e-04
  5.42063452e-04  5.43190530e-04  5.43995371e-04  2.74872778e-03
 -2.74465107e-03 -5.43190530e-04 -5.42387949e-04 -5.41263530e-04
 -5.39817933e-04 -5.38051941e-04 -5.35966623e-04 -5.33563151e-04
 -5.30843000e-04 -5.27807730e-04 -5.24459208e-04 -5.20799384e-04
 -5.16830499e-04 -5.12554886e-04 -5.07975146e-04 -5.03093984e-04
 -4.97914350e-04 -4.92439313e-04 -4.86672160e-04 -4.80616312e-04
 -4.74275388e-04 -4.67653150e-04 -4.60753544e-04 -4.53580661e-04
 -4.46138768e-04 -4.38432277e-04 -4.30465766e-04 -4.22243958e-04
 -4.13771733e-04 -4.05054116e-04 -3.96096277e-04 -3.86903529e-04
 -3.77481325e-04 -3.67835253e-04 -3.57971033e-04 -3.47894515e-04
 -3.37611675e-04 -3.27128612e-04 -3.16451543e-04 -3.05586800e-04
 -2.94540825e-04 -2.83320171e-04 -2.71931492e-04 -2.60381541e-04
 -2.48677168e-04 -2.36825316e-04 -2.24833012e-04 -2.12707369e-04
 -2.00455578e-04 -1.88084905e-04 -1.75602687e-04 -1.63016326e-04
 -1.50333287e-04 -1.37561091e-04 -1.24707314e-04 -1.11779577e-04
 -9.87855493e-05 -8.57329355e-05 -7.26294770e-05 -5.94829449e-05
 -4.63011360e-05 -3.30918678e-05 -1.98629741e-05 -6.62230050e-06
  6.62230050e-06  1.98629741e-05  3.30918678e-05  4.63011360e-05
  5.94829449e-05  7.26294770e-05  8.57329355e-05  9.87855493e-05
  1.11779577e-04  1.24707314e-04  1.37561091e-04  1.50333287e-04
  1.63016326e-04  1.75602687e-04  1.88084905e-04  2.00455578e-04
  2.12707369e-04  2.24833012e-04  2.36825316e-04  2.48677168e-04
  2.60381541e-04  2.71931492e-04  2.83320171e-04  2.94540825e-04
  3.05586800e-04  3.16451543e-04  3.27128612e-04  3.37611675e-04
  3.47894515e-04  3.57971033e-04  3.67835253e-04  3.77481325e-04
  3.86903529e-04  3.96096277e-04  4.05054116e-04  4.13771733e-04
  4.22243958e-04  4.30465766e-04  4.38432277e-04  4.46138768e-04
  4.53580661e-04  4.60753544e-04  4.67653150e-04  4.74275388e-04
  4.80616312e-04  4.86672160e-04  4.92439313e-04  4.97914350e-04
  5.03093984e-04  5.07975146e-04  5.12554886e-04  5.16830499e-04
  5.20799384e-04  5.24459208e-04  5.27807730e-04  5.30843000e-04
  5.33563151e-04  5.35966623e-04  5.38051941e-04  5.39817933e-04
  5.41263530e-04  5.42387949e-04  5.43190530e-04  2.74465107e-03
 -2.73894656e-03 -5.42063452e-04 -5.41263530e-04 -5.40142424e-04
 -5.38700701e-04 -5.36939225e-04 -5.34858949e-04 -5.32461154e-04
 -5.29747187e-04 -5.26718731e-04 -5.23377529e-04 -5.19725650e-04
 -5.15765225e-04 -5.11498692e-04 -5.06928564e-04 -5.02057627e-04
 -4.96888764e-04 -4.91425102e-04 -4.85669880e-04 -4.79626555e-04
 -4.73298714e-04 -4.66690138e-04 -4.59804747e-04 -4.52646645e-04
 -4.45220077e-04 -4.37529458e-04 -4.29579348e-04 -4.21374470e-04
 -4.12919688e-04 -4.04220019e-04 -3.95280623e-04 -3.86106803e-04
 -3.76703999e-04 -3.67077787e-04 -3.57233878e-04 -3.47178108e-04
 -3.36916441e-04 -3.26454964e-04 -3.15799880e-04 -3.04957509e-04
 -2.93934280e-04 -2.82736731e-04 -2.71371503e-04 -2.59845336e-04
 -2.48165066e-04 -2.36337619e-04 -2.24370010e-04 -2.12269337e-04
 -2.00042776e-04 -1.87697578e-04 -1.75241064e-04 -1.62680622e-04
 -1.50023701e-04 -1.37277808e-04 -1.24450500e-04 -1.11549386e-04
 -9.85821168e-05 -8.55563826e-05 -7.24799084e-05 -5.93604495e-05
 -4.62057863e-05 -3.30237204e-05 -1.98220695e-05 -6.60866294e-06
  6.60866294e-06  1.98220695e-05  3.30237204e-05  4.62057863e-05
  5.93604495e-05  7.24799084e-05  8.55563826e-05  9.85821168e-05
  1.11549386e-04  1.24450500e-04  1.37277808e-04  1.50023701e-04
  1.62680622e-04  1.75241064e-04  1.87697578e-04  2.00042776e-04
  2.12269337e-04  2.24370010e-04  2.36337619e-04  2.48165066e-04
  2.59845336e-04  2.71371503e-04  2.82736731e-04  2.93934280e-04
  3.04957509e-04  3.15799880e-04  3.26454964e-04  3.36916441e-04
  3.47178108e-04  3.57233878e-04  3.67077787e-04  3.76703999e-04
  3.86106803e-04  3.95280623e-04  4.04220019e-04  4.12919688e-04
  4.21374470e-04  4.29579348e-04  4.37529458e-04  4.45220077e-04
  4.52646645e-04  4.59804747e-04  4.66690138e-04  4.73298714e-04
  4.79626555e-04  4.85669880e-04  4.91425102e-04  4.96888764e-04
  5.02057627e-04  5.06928564e-04  5.11498692e-04  5.15765225e-04
  5.19725650e-04  5.23377529e-04  5.26718731e-04  5.29747187e-04
  5.32461154e-04  5.34858949e-04  5.36939225e-04  5.38700701e-04
  5.40142424e-04  5.41263530e-04  5.42063452e-04  2.73894656e-03]
r0 norm: 0.055555361342339196
n_local: 512
rk_vector: [-1.11091136e-09 -2.20521024e-09 -3.26019434e-09 -4.26825020e-09
 -5.20436405e-09 -6.07109785e-09 -6.84474788e-09 -7.53724017e-09
 -8.12877854e-09 -8.63813643e-09 -9.05064157e-09 -9.38850064e-09
 -9.64208491e-09 -9.83367210e-09 -9.95774840e-09 -1.00340891e-08
 -1.00600310e-08 -1.00514401e-08 -1.00073159e-08 -9.93929472e-09
 -9.84718174e-09 -9.73882708e-09 -9.61434043e-09 -9.47860812e-09
 -9.33180333e-09 -9.17676468e-09 -9.01363206e-09 -8.84396423e-09
 -8.66785799e-09 -8.48615000e-09 -8.29891800e-09 -8.10660472e-09
 -7.90930565e-09 -7.70726949e-09 -7.50060458e-09 -7.28948191e-09
 -7.07401915e-09 -6.85436863e-09 -6.63064448e-09 -6.40299236e-09
 -6.17154305e-09 -5.93643334e-09 -5.69780401e-09 -5.45579804e-09
 -5.21055243e-09 -4.96222063e-09 -4.71094408e-09 -4.45687531e-09
 -4.20016244e-09 -3.94095845e-09 -3.67941722e-09 -3.41569439e-09
 -3.14994453e-09 -2.88232782e-09 -2.61300226e-09 -2.34212638e-09
 -2.06986162e-09 -1.79636928e-09 -1.52181118e-09 -1.24635080e-09
 -9.70151570e-10 -6.93376356e-10 -4.16190471e-10 -1.38757547e-10
  1.38757603e-10  4.16190388e-10  6.93376467e-10  9.70151570e-10
  1.24635086e-09  1.52181129e-09  1.79636872e-09  2.06986106e-09
  2.34212649e-09  2.61300215e-09  2.88232882e-09  3.14994497e-09
  3.41569462e-09  3.67941655e-09  3.94095934e-09  4.20016111e-09
  4.45687443e-09  4.71094475e-09  4.96222063e-09  5.21055377e-09
  5.45579804e-09  5.69780512e-09  5.93643446e-09  6.17154328e-09
  6.40299236e-09  6.63064448e-09  6.85436996e-09  7.07402004e-09
  7.28948191e-09  7.50060591e-09  7.70726682e-09  7.90930521e-09
  8.10660161e-09  8.29891977e-09  8.48614912e-09  8.66785888e-09
  8.84396512e-09  9.01362940e-09  9.17676513e-09  9.33180289e-09
  9.47860901e-09  9.61433910e-09  9.73883063e-09  9.84718085e-09
  9.93929428e-09  1.00073181e-08  1.00514401e-08  1.00600301e-08
  1.00340842e-08  9.95774929e-09  9.83367121e-09  9.64208580e-09
  9.38850198e-09  9.05064068e-09  8.63813687e-09  8.12878209e-09
  7.53723883e-09  6.84474744e-09  6.07109607e-09  5.20436050e-09
  4.26825109e-09  3.26019123e-09  2.20521068e-09  1.11091136e-09
 -2.20520713e-09 -4.37059366e-09 -6.47145437e-09 -8.45971782e-09
 -1.03300349e-08 -1.20336400e-08 -1.35849532e-08 -1.49407777e-08
 -1.61318910e-08 -1.71244497e-08 -1.79595192e-08 -1.86135993e-08
 -1.91311494e-08 -1.94978426e-08 -1.97555342e-08 -1.98967470e-08
 -1.99567630e-08 -1.99324401e-08 -1.98508180e-08 -1.97110545e-08
 -1.95321490e-08 -1.93142241e-08 -1.90695902e-08 -1.87986311e-08
 -1.85087456e-08 -1.82002894e-08 -1.78774230e-08 -1.75404118e-08
 -1.71914828e-08 -1.68308438e-08 -1.64596610e-08 -1.60781259e-08
 -1.56868848e-08 -1.52861290e-08 -1.48762730e-08 -1.44575301e-08
 -1.40302098e-08 -1.35945527e-08 -1.31508384e-08 -1.26993244e-08
 -1.22402802e-08 -1.17739778e-08 -1.13006955e-08 -1.08207113e-08
 -1.03343084e-08 -9.84178145e-09 -9.34341393e-09 -8.83950535e-09
 -8.33035707e-09 -7.81626774e-09 -7.29754171e-09 -6.77448886e-09
 -6.24741836e-09 -5.71664277e-09 -5.18247689e-09 -4.64523653e-09
 -4.10524231e-09 -3.56281397e-09 -3.01827166e-09 -2.47193971e-09
 -1.92414153e-09 -1.37520264e-09 -8.25447960e-10 -2.75203742e-10
  2.75203752e-10  8.25447849e-10  1.37520273e-09  1.92414155e-09
  2.47193964e-09  3.01827184e-09  3.56281371e-09  4.10524270e-09
  4.64523681e-09  5.18247639e-09  5.71664291e-09  6.24741828e-09
  6.77448911e-09  7.29754243e-09  7.81626608e-09  8.33035801e-09
  8.83950635e-09  9.34341421e-09  9.84178017e-09  1.03343086e-08
  1.08207115e-08  1.13006949e-08  1.17739779e-08  1.22402802e-08
  1.26993247e-08  1.31508374e-08  1.35945529e-08  1.40302105e-08
  1.44575276e-08  1.48762720e-08  1.52861343e-08  1.56868831e-08
  1.60781308e-08  1.64596584e-08  1.68308443e-08  1.71914842e-08
  1.75404123e-08  1.78774222e-08  1.82002898e-08  1.85087456e-08
  1.87986312e-08  1.90695916e-08  1.93142241e-08  1.95321485e-08
  1.97110550e-08  1.98508180e-08  1.99324411e-08  1.99567621e-08
  1.98967457e-08  1.97555358e-08  1.94978426e-08  1.91311514e-08
  1.86135981e-08  1.79595216e-08  1.71244481e-08  1.61318903e-08
  1.49407774e-08  1.35849512e-08  1.20336427e-08  1.03300367e-08
  8.45971349e-09  6.47145704e-09  4.37059366e-09  2.20520713e-09
 -3.26019345e-09 -6.47145615e-09 -9.56764545e-09 -1.25255886e-08
 -1.52729573e-08 -1.78159559e-08 -2.00865202e-08 -2.21180139e-08
 -2.38540798e-08 -2.53480529e-08 -2.65586469e-08 -2.75493419e-08
 -2.82934987e-08 -2.88550286e-08 -2.92190935e-08 -2.94425588e-08
 -2.95186402e-08 -2.94930100e-08 -2.93634999e-08 -2.91636073e-08
 -2.88932938e-08 -2.85751599e-08 -2.82098586e-08 -2.78114852e-08
 -2.73807121e-08 -2.69257424e-08 -2.64470787e-08 -2.59492102e-08
 -2.54325034e-08 -2.48993158e-08 -2.43499574e-08 -2.37856813e-08
 -2.32067749e-08 -2.26139801e-08 -2.20075976e-08 -2.13881439e-08
 -2.07559614e-08 -2.01114717e-08 -1.94550466e-08 -1.87870863e-08
 -1.81079891e-08 -1.74181506e-08 -1.67179886e-08 -1.60079082e-08
 -1.52883388e-08 -1.45597016e-08 -1.38224297e-08 -1.30769626e-08
 -1.23237372e-08 -1.15632054e-08 -1.07958152e-08 -1.00220224e-08
 -9.24228666e-09 -8.45706835e-09 -7.66683614e-09 -6.87205709e-09
 -6.07320086e-09 -5.27074412e-09 -4.46516150e-09 -3.65693049e-09
 -2.84653089e-09 -2.03444294e-09 -1.22114853e-09 -4.07129965e-10
  4.07129967e-10  1.22114866e-09  2.03444281e-09  2.84653118e-09
  3.65693033e-09  4.46516127e-09  5.27074411e-09  6.07320080e-09
  6.87205726e-09  7.66683619e-09  8.45706863e-09  9.24228705e-09
  1.00220221e-08  1.07958145e-08  1.15632061e-08  1.23237370e-08
  1.30769612e-08  1.38224298e-08  1.45597017e-08  1.52883394e-08
  1.60079087e-08  1.67179884e-08  1.74181513e-08  1.81079886e-08
  1.87870861e-08  1.94550452e-08  2.01114718e-08  2.07559610e-08
  2.13881450e-08  2.20076004e-08  2.26139748e-08  2.32067787e-08
  2.37856792e-08  2.43499587e-08  2.48993161e-08  2.54325030e-08
  2.59492098e-08  2.64470792e-08  2.69257425e-08  2.73807127e-08
  2.78114840e-08  2.82098569e-08  2.85751618e-08  2.88932915e-08
  2.91636064e-08  2.93634983e-08  2.94930109e-08  2.95186394e-08
  2.94425629e-08  2.92190918e-08  2.88550284e-08  2.82934965e-08
  2.75493427e-08  2.65586443e-08  2.53480548e-08  2.38540808e-08
  2.21180130e-08  2.00865207e-08  1.78159534e-08  1.52729597e-08
  1.25255886e-08  9.56764468e-09  6.47145659e-09  3.26019389e-09
 -4.26825109e-09 -8.45971249e-09 -1.25255895e-08 -1.63743582e-08
 -1.99935727e-08 -2.32913676e-08 -2.62927420e-08 -2.89172827e-08
 -3.12212366e-08 -3.31425103e-08 -3.47572574e-08 -3.60232583e-08
 -3.70235415e-08 -3.77332012e-08 -3.82307479e-08 -3.85039561e-08
 -3.86191759e-08 -3.85720128e-08 -3.84133793e-08 -3.81428283e-08
 -3.77961572e-08 -3.73743757e-08 -3.69006973e-08 -3.63763166e-08
 -3.58152024e-08 -3.52182837e-08 -3.45934268e-08 -3.39412801e-08
 -3.32660380e-08 -3.25681816e-08 -3.18499093e-08 -3.11116246e-08
 -3.03545478e-08 -2.95790765e-08 -2.87859849e-08 -2.79757051e-08
 -2.71488257e-08 -2.63058212e-08 -2.54472204e-08 -2.45735282e-08
 -2.36852650e-08 -2.27829601e-08 -2.18671418e-08 -2.09383614e-08
 -1.99971625e-08 -1.90441050e-08 -1.80797525e-08 -1.71046788e-08
 -1.61194612e-08 -1.51246836e-08 -1.41209366e-08 -1.31088158e-08
 -1.20889196e-08 -1.10618550e-08 -1.00282293e-08 -8.98865671e-09
 -7.94375360e-09 -6.89413844e-09 -5.84043554e-09 -4.78326867e-09
 -3.72326494e-09 -2.66105332e-09 -1.59726356e-09 -5.32526447e-10
  5.32526504e-10  1.59726348e-09  2.66105348e-09  3.72326481e-09
  4.78326864e-09  5.84043539e-09  6.89413876e-09  7.94375354e-09
  8.98865651e-09  1.00282296e-08  1.10618550e-08  1.20889194e-08
  1.31088160e-08  1.41209373e-08  1.51246834e-08  1.61194621e-08
  1.71046785e-08  1.80797528e-08  1.90441046e-08  1.99971621e-08
  2.09383617e-08  2.18671424e-08  2.27829597e-08  2.36852665e-08
  2.45735282e-08  2.54472225e-08  2.63058200e-08  2.71488271e-08
  2.79757056e-08  2.87859833e-08  2.95790785e-08  3.03545445e-08
  3.11116268e-08  3.18499089e-08  3.25681799e-08  3.32660400e-08
  3.39412813e-08  3.45934263e-08  3.52182843e-08  3.58151995e-08
  3.63763164e-08  3.69006961e-08  3.73743770e-08  3.77961578e-08
  3.81428277e-08  3.84133803e-08  3.85720138e-08  3.86191764e-08
  3.85039554e-08  3.82307471e-08  3.77332027e-08  3.70235405e-08
  3.60232602e-08  3.47572572e-08  3.31425086e-08  3.12212370e-08
  2.89172836e-08  2.62927401e-08  2.32913695e-08  1.99935715e-08
  1.63743586e-08  1.25255891e-08  8.45971393e-09  4.26825020e-09]
rk norm: 5.443281622279152e-06
Residual ratio: 9.797941172116511e-05
Last time step
did converge, i = 140
timing 0: 212.1295838356018
Nt, N, Error is:  1024,  128,  1.2218475270296347e-06
/var/lib/torque/server_priv/accounting/20211214: No such file or directory
/var/lib/torque/server_logs/20211214: No such file or directory
/var/lib/torque/mom_logs/20211214: No matching job records located
/var/lib/torque/sched_logs/20211214: No such file or directory
Wheeler Portable Batch System Epilogue
