Wheeler Portable Batch System Prologue
Job Id: 1735476.wheeler-sn.alliance.unm.edu
Username: jtran989
Job 1735476.wheeler-sn.alliance.unm.edu running on nodes:
wheeler041 

prologue running on host: wheeler041
Agent pid 12256
Identity added: /users/jtran989/.ssh/true_id_rsa (/users/jtran989/.ssh/true_id_rsa)
tol: 1e-08
new communication (chunks with multiple messages): True
chunk size: 400
number of processes: 8
Nt values: [1024]
N values: [512]
T: 0.015625
n_local: 32768
r0 norm: 3.946708424257188e-07
n_local: 32768
rk norm: 7.169200506071734e-13
Residual ratio: 1.8165011790606376e-06
First time step
did NOT converge
n_local: 32768
r0 norm: 0.0007067016185800959
n_local: 32768
rk norm: 6.988844331614919e-12
Residual ratio: 9.889384922673443e-09
Last time step
did converge, i = 300
timing 0: 3728.729343652725
Nt, N, Error is:  1024,  512,  4.659469283719299e-08
/var/lib/torque/server_priv/accounting/20211214: No such file or directory
/var/lib/torque/server_logs/20211214: No such file or directory
/var/lib/torque/mom_logs/20211214: No matching job records located
/var/lib/torque/sched_logs/20211214: No such file or directory
Wheeler Portable Batch System Epilogue
