Wheeler Portable Batch System Prologue
Job Id: 1671475.wheeler-sn.alliance.unm.edu
Username: jtran989
Job 1671475.wheeler-sn.alliance.unm.edu running on nodes:
wheeler304 

prologue running on host: wheeler304
Agent pid 1626
Identity added: /users/jtran989/.ssh/true_id_rsa (/users/jtran989/.ssh/true_id_rsa)
Using Option 6...
Using Partition 2D...
 
 
timings:
[[16.71650529]
 [ 0.        ]
 [ 0.        ]]
 
 
timings:
[[16.71650529]
 [ 8.23134422]
 [ 0.        ]]
 
 
timings:
[[16.71650529]
 [ 8.23134422]
 [ 6.99674988]]
t_1: 16.71650528907776
timings: [16.71650529  8.23134422  6.99674988]
num_threads: [1, 4, 9]
denominator: [16.71650529 32.92537689 62.9707489 ]
efficiency: [1.         0.50770885 0.26546461]
--------------------------------------
Running 1 Thread...
--------------------------------------
Running 1 Thread...
--------------------------------------
Running 1 Thread...
--------------------------------------
Running 1 Thread...
--------------------------------------
Running 1 Thread...
--------------------------------------
--------------------------------------
--------------------------------------
--------------------------------------
--------------------------------------
--------------------------------------
--------------------------------------
--------------------------------------
--------------------------------------
--------------------------------------
--------------------------------------
--------------------------------------
--------------------------------------
--------------------------------------
--------------------------------------
--------------------------------------
--------------------------------------
--------------------------------------
--------------------------------------
--------------------------------------
--------------------------------------
--------------------------------------
--------------------------------------
--------------------------------------
--------------------------------------
--------------------------------------
--------------------------------------
--------------------------------------
--------------------------------------
--------------------------------------
--------------------------------------
--------------------------------------
--------------------------------------
--------------------------------------
--------------------------------------
--------------------------------------
--------------------------------------
--------------------------------------
--------------------------------------
--------------------------------------
--------------------------------------
--------------------------------------
--------------------------------------
--------------------------------------
--------------------------------------
--------------------------------------
--------------------------------------
--------------------------------------
--------------------------------------
--------------------------------------
--------------------------------------
--------------------------------------
--------------------------------------
--------------------------------------
--------------------------------------
--------------------------------------
--------------------------------------
--------------------------------------
--------------------------------------
--------------------------------------
--------------------------------------
--------------------------------------
--------------------------------------
--------------------------------------
--------------------------------------
Wheeler Portable Batch System Epilogue
