Wheeler Portable Batch System Prologue
Job Id: 1735468.wheeler-sn.alliance.unm.edu
Username: jtran989
Job 1735468.wheeler-sn.alliance.unm.edu running on nodes:
wheeler072 

prologue running on host: wheeler072
Agent pid 32518
Identity added: /users/jtran989/.ssh/true_id_rsa (/users/jtran989/.ssh/true_id_rsa)
tol: 1e-08
new communication (chunks with multiple messages): True
chunk size: 400
number of processes: 4
Nt values: [1024]
N values: [512]
T: 0.015625
n_local: 65536
r0 norm: 3.9467084254035144e-07
n_local: 65536
rk norm: 7.163767750530109e-13
Residual ratio: 1.8151246503084858e-06
First time step
did NOT converge
n_local: 65536
r0 norm: 0.0007067016185819598
n_local: 65536
rk norm: 6.9885158244688485e-12
Residual ratio: 9.888920077035815e-09
Last time step
did converge, i = 300
timing 0: 4513.583322048187
Nt, N, Error is:  1024,  512,  4.659469284816949e-08
/var/lib/torque/server_priv/accounting/20211214: No such file or directory
/var/lib/torque/server_logs/20211214: No such file or directory
/var/lib/torque/mom_logs/20211214: No matching job records located
/var/lib/torque/sched_logs/20211214: No such file or directory
Wheeler Portable Batch System Epilogue
