Wheeler Portable Batch System Prologue
Job Id: 1735467.wheeler-sn.alliance.unm.edu
Username: jtran989
Job 1735467.wheeler-sn.alliance.unm.edu running on nodes:
wheeler073 

prologue running on host: wheeler073
Agent pid 16140
Identity added: /users/jtran989/.ssh/true_id_rsa (/users/jtran989/.ssh/true_id_rsa)
tol: 0.0001
new communication (chunks with multiple messages): True
chunk size: 400
number of processes: 4
Nt values: [1024]
N values: [512]
T: 0.015625
n_local: 65536
r0 norm: 3.9467084254035144e-07
n_local: 65536
rk norm: 3.7857517142125294e-11
Residual ratio: 9.592174810393983e-05
First time step
did converge, i = 149
n_local: 65536
r0 norm: 0.0007067382146965591
n_local: 65536
rk norm: 6.964043863446392e-08
Residual ratio: 9.853781384152876e-05
Last time step
did converge, i = 148
timing 0: 1969.7588548660278
Nt, N, Error is:  1024,  512,  5.185975994336211e-09
/var/lib/torque/server_priv/accounting/20211214: No such file or directory
/var/lib/torque/server_logs/20211214: No such file or directory
/var/lib/torque/mom_logs/20211214: No matching job records located
/var/lib/torque/sched_logs/20211214: No such file or directory
Wheeler Portable Batch System Epilogue
