Wheeler Portable Batch System Prologue
Job Id: 1734894.wheeler-sn.alliance.unm.edu
Username: jtran989
Job 1734894.wheeler-sn.alliance.unm.edu running on nodes:
wheeler116 wheeler114 wheeler106 wheeler104 wheeler103 wheeler097 wheeler096 wheeler095 

prologue running on host: wheeler116
Agent pid 30174
Identity added: /users/jtran989/.ssh/true_id_rsa (/users/jtran989/.ssh/true_id_rsa)
Agent pid 12055
Agent pid 18263
Agent pid 7265
Identity added: /users/jtran989/.ssh/true_id_rsa (/users/jtran989/.ssh/true_id_rsa)
Identity added: /users/jtran989/.ssh/true_id_rsa (/users/jtran989/.ssh/true_id_rsa)
Identity added: /users/jtran989/.ssh/true_id_rsa (/users/jtran989/.ssh/true_id_rsa)
Agent pid 22139
Identity added: /users/jtran989/.ssh/true_id_rsa (/users/jtran989/.ssh/true_id_rsa)
Agent pid 26056
Agent pid 14828
Identity added: /users/jtran989/.ssh/true_id_rsa (/users/jtran989/.ssh/true_id_rsa)
Agent pid 21890
Identity added: /users/jtran989/.ssh/true_id_rsa (/users/jtran989/.ssh/true_id_rsa)
Identity added: /users/jtran989/.ssh/true_id_rsa (/users/jtran989/.ssh/true_id_rsa)
Wheeler Portable Batch System Epilogue
