Wheeler Portable Batch System Prologue
Job Id: 1735465.wheeler-sn.alliance.unm.edu
Username: jtran989
Job 1735465.wheeler-sn.alliance.unm.edu running on nodes:
wheeler075 

prologue running on host: wheeler075
Agent pid 1307
Identity added: /users/jtran989/.ssh/true_id_rsa (/users/jtran989/.ssh/true_id_rsa)
tol: 1e-10
new communication (chunks with multiple messages): True
chunk size: 400
number of processes: 4
Nt values: [1024]
N values: [128]
T: 0.25
n_local: 4096
r0 norm: 3.304095432508561e-05
n_local: 4096
rk norm: 1.7061016724221881e-13
Residual ratio: 5.1635968369317594e-09
First time step
did NOT converge
n_local: 4096
r0 norm: 0.05555210580047031
n_local: 4096
rk norm: 5.400787528731064e-12
Residual ratio: 9.722021246376118e-11
Last time step
did converge, i = 366
timing 0: 294.2679204940796
Nt, N, Error is:  1024,  128,  7.94458553045899e-07
/var/lib/torque/server_priv/accounting/20211214: No such file or directory
/var/lib/torque/server_logs/20211214: No such file or directory
/var/lib/torque/mom_logs/20211214: No matching job records located
/var/lib/torque/sched_logs/20211214: No such file or directory
Wheeler Portable Batch System Epilogue
