Wheeler Portable Batch System Prologue
Job Id: 1735504.wheeler-sn.alliance.unm.edu
Username: jtran989
Job 1735504.wheeler-sn.alliance.unm.edu running on nodes:
wheeler012 

prologue running on host: wheeler012
Agent pid 1949
Identity added: /users/jtran989/.ssh/true_id_rsa (/users/jtran989/.ssh/true_id_rsa)
tol: 1e-08
new communication (chunks with multiple messages): True
chunk size: 400
number of processes: 1
Nt values: [16]
N values: [100]
T: 0.0064
n_local: 10000
r0 norm: 8.940486737269091e-05
n_local: 10000
rk norm: 8.605508741569232e-13
Residual ratio: 9.625324654525264e-09
First time step
did converge, i = 306
n_local: 10000
r0 norm: 0.002351604781905692
n_local: 10000
rk norm: 2.2480356647923363e-11
Residual ratio: 9.559581108567804e-09
Last time step
did converge, i = 304
timing 0: 1.604534387588501
Nt, N, Error is:  16,  100,  1.011730636903721e-06
/var/lib/torque/server_priv/accounting/20211214: No such file or directory
/var/lib/torque/server_logs/20211214: No such file or directory
/var/lib/torque/mom_logs/20211214: No matching job records located
/var/lib/torque/sched_logs/20211214: No such file or directory
Wheeler Portable Batch System Epilogue
