Wheeler Portable Batch System Prologue
Job Id: 1732859.wheeler-sn.alliance.unm.edu
Username: jtran989
Job 1732859.wheeler-sn.alliance.unm.edu running on nodes:
wheeler195 wheeler194 wheeler193 wheeler192 wheeler191 wheeler190 wheeler189 wheeler148 

prologue running on host: wheeler195
Agent pid 29864
Identity added: /users/jtran989/.ssh/true_id_rsa (/users/jtran989/.ssh/true_id_rsa)
Agent pid 4501
Agent pid 5738
Agent pid 13501
Identity added: /users/jtran989/.ssh/true_id_rsa (/users/jtran989/.ssh/true_id_rsa)
Identity added: /users/jtran989/.ssh/true_id_rsa (/users/jtran989/.ssh/true_id_rsa)
Agent pid 28608
Identity added: /users/jtran989/.ssh/true_id_rsa (/users/jtran989/.ssh/true_id_rsa)
Identity added: /users/jtran989/.ssh/true_id_rsa (/users/jtran989/.ssh/true_id_rsa)
Agent pid 16336
Agent pid 9054
Identity added: /users/jtran989/.ssh/true_id_rsa (/users/jtran989/.ssh/true_id_rsa)
Identity added: /users/jtran989/.ssh/true_id_rsa (/users/jtran989/.ssh/true_id_rsa)
Agent pid 27609
Identity added: /users/jtran989/.ssh/true_id_rsa (/users/jtran989/.ssh/true_id_rsa)
tol: 1e-06
timing: 115.85894083976746
Nt, N, Error is:  768,  64,  3.117640778066211e-06
number of processes: 64
Wheeler Portable Batch System Epilogue
