Wheeler Portable Batch System Prologue
Job Id: 1735455.wheeler-sn.alliance.unm.edu
Username: jtran989
Job 1735455.wheeler-sn.alliance.unm.edu running on nodes:
wheeler085 

prologue running on host: wheeler085
Agent pid 15925
Identity added: /users/jtran989/.ssh/true_id_rsa (/users/jtran989/.ssh/true_id_rsa)
tol: 1e-08
new communication (chunks with multiple messages): True
chunk size: 400
number of processes: 2
Nt values: [1024]
N values: [128]
T: 0.25
n_local: 8192
r0 norm: 3.304095432529959e-05
n_local: 8192
rk norm: 3.2890418532658833e-13
Residual ratio: 9.954439635381387e-09
First time step
did converge, i = 293
n_local: 8192
r0 norm: 0.05555210609309369
n_local: 8192
rk norm: 5.260677371583248e-10
Residual ratio: 9.469807252253326e-09
Last time step
did converge, i = 291
timing 0: 248.59140133857727
Nt, N, Error is:  1024,  128,  7.942573540671429e-07
/var/lib/torque/server_priv/accounting/20211214: No such file or directory
/var/lib/torque/server_logs/20211214: No such file or directory
/var/lib/torque/mom_logs/20211214: No matching job records located
/var/lib/torque/sched_logs/20211214: No such file or directory
Wheeler Portable Batch System Epilogue
