Wheeler Portable Batch System Prologue
Job Id: 1735577.wheeler-sn.alliance.unm.edu
Username: jtran989
Job 1735577.wheeler-sn.alliance.unm.edu running on nodes:
wheeler215 wheeler197 wheeler156 wheeler150 wheeler117 wheeler116 wheeler114 wheeler113 wheeler106 wheeler104 wheeler103 wheeler076 wheeler073 wheeler046 wheeler045 wheeler041 

prologue running on host: wheeler215
Agent pid 18434
Identity added: /users/jtran989/.ssh/true_id_rsa (/users/jtran989/.ssh/true_id_rsa)
Agent pid 20527
Agent pid 25872
Agent pid 21582
Agent pid 11593
Identity added: /users/jtran989/.ssh/true_id_rsa (/users/jtran989/.ssh/true_id_rsa)
Agent pid 13609
Agent pid 18155
Agent pid 21844
Identity added: /users/jtran989/.ssh/true_id_rsa (/users/jtran989/.ssh/true_id_rsa)
Agent pid 30030
Identity added: /users/jtran989/.ssh/true_id_rsa (/users/jtran989/.ssh/true_id_rsa)
Agent pid 16850
Agent pid 4132
Agent pid 28391
Agent pid 2922
Identity added: /users/jtran989/.ssh/true_id_rsa (/users/jtran989/.ssh/true_id_rsa)
Identity added: /users/jtran989/.ssh/true_id_rsa (/users/jtran989/.ssh/true_id_rsa)
Identity added: /users/jtran989/.ssh/true_id_rsa (/users/jtran989/.ssh/true_id_rsa)
Identity added: /users/jtran989/.ssh/true_id_rsa (/users/jtran989/.ssh/true_id_rsa)
Identity added: /users/jtran989/.ssh/true_id_rsa (/users/jtran989/.ssh/true_id_rsa)
Identity added: /users/jtran989/.ssh/true_id_rsa (/users/jtran989/.ssh/true_id_rsa)
Identity added: /users/jtran989/.ssh/true_id_rsa (/users/jtran989/.ssh/true_id_rsa)
Identity added: /users/jtran989/.ssh/true_id_rsa (/users/jtran989/.ssh/true_id_rsa)
Agent pid 23697
Identity added: /users/jtran989/.ssh/true_id_rsa (/users/jtran989/.ssh/true_id_rsa)
Agent pid 29980
Agent pid 17763
Identity added: /users/jtran989/.ssh/true_id_rsa (/users/jtran989/.ssh/true_id_rsa)
Identity added: /users/jtran989/.ssh/true_id_rsa (/users/jtran989/.ssh/true_id_rsa)
Identity added: /users/jtran989/.ssh/true_id_rsa (/users/jtran989/.ssh/true_id_rsa)
tol: 1e-08
new communication (chunks with multiple messages): True
chunk size: 400
number of processes: 128
Nt values: [1024]
N values: [128]
T: 0.25
n_local: 128
r0 norm: 3.304095432443132e-05
n_local: 128
rk norm: 3.292797440456739e-13
Residual ratio: 9.965806096653695e-09
First time step
did converge, i = 293
n_local: 128
r0 norm: 0.055552106093094133
n_local: 128
rk norm: 5.26066883671342e-10
Residual ratio: 9.46979188853362e-09
Last time step
did converge, i = 291
timing 0: 231.17283964157104
Nt, N, Error is:  1024,  128,  7.94257354077849e-07
/var/lib/torque/server_priv/accounting/20211214: No such file or directory
/var/lib/torque/server_logs/20211214: No such file or directory
/var/lib/torque/mom_logs/20211214: No matching job records located
/var/lib/torque/sched_logs/20211214: No such file or directory
Wheeler Portable Batch System Epilogue
