Wheeler Portable Batch System Prologue
Job Id: 1731288.wheeler-sn.alliance.unm.edu
Username: jtran989
Job 1731288.wheeler-sn.alliance.unm.edu running on nodes:
wheeler218 wheeler214 wheeler208 wheeler203 wheeler198 wheeler185 wheeler184 wheeler182 

prologue running on host: wheeler218
Agent pid 8313
Identity added: /users/jtran989/.ssh/true_id_rsa (/users/jtran989/.ssh/true_id_rsa)
Agent pid 8178
Agent pid 9617
Identity added: /users/jtran989/.ssh/true_id_rsa (/users/jtran989/.ssh/true_id_rsa)
Agent pid 30458
Agent pid 29196
Agent pid 20760
Agent pid 21853
Identity added: /users/jtran989/.ssh/true_id_rsa (/users/jtran989/.ssh/true_id_rsa)
Identity added: /users/jtran989/.ssh/true_id_rsa (/users/jtran989/.ssh/true_id_rsa)
Identity added: /users/jtran989/.ssh/true_id_rsa (/users/jtran989/.ssh/true_id_rsa)
Identity added: /users/jtran989/.ssh/true_id_rsa (/users/jtran989/.ssh/true_id_rsa)
Identity added: /users/jtran989/.ssh/true_id_rsa (/users/jtran989/.ssh/true_id_rsa)
Agent pid 31142
Identity added: /users/jtran989/.ssh/true_id_rsa (/users/jtran989/.ssh/true_id_rsa)
timing 0: 117.23068332672119
Nt, N, Error is:  768,  64,  3.1176407780508304e-06
number of processes: 64
Wheeler Portable Batch System Epilogue
