Wheeler Portable Batch System Prologue
Job Id: 1735500.wheeler-sn.alliance.unm.edu
Username: jtran989
Job 1735500.wheeler-sn.alliance.unm.edu running on nodes:
wheeler215 wheeler117 wheeler116 wheeler114 wheeler113 wheeler106 wheeler104 wheeler103 

prologue running on host: wheeler215
Agent pid 7300
Identity added: /users/jtran989/.ssh/true_id_rsa (/users/jtran989/.ssh/true_id_rsa)
Agent pid 17954
Agent pid 6498
Agent pid 3766
Agent pid 14030
Agent pid 13767
Agent pid 20576
Identity added: /users/jtran989/.ssh/true_id_rsa (/users/jtran989/.ssh/true_id_rsa)
Identity added: /users/jtran989/.ssh/true_id_rsa (/users/jtran989/.ssh/true_id_rsa)
Agent pid 22217
Identity added: /users/jtran989/.ssh/true_id_rsa (/users/jtran989/.ssh/true_id_rsa)
Identity added: /users/jtran989/.ssh/true_id_rsa (/users/jtran989/.ssh/true_id_rsa)
Identity added: /users/jtran989/.ssh/true_id_rsa (/users/jtran989/.ssh/true_id_rsa)
Identity added: /users/jtran989/.ssh/true_id_rsa (/users/jtran989/.ssh/true_id_rsa)
Identity added: /users/jtran989/.ssh/true_id_rsa (/users/jtran989/.ssh/true_id_rsa)
tol: 1e-08
new communication (chunks with multiple messages): True
chunk size: 400
number of processes: 64
Nt values: [1024]
N values: [512]
T: 0.015625
n_local: 4096
r0 norm: 3.9467084273298145e-07
n_local: 4096
rk norm: 7.122973031976702e-13
Residual ratio: 1.8047882591610196e-06
First time step
did NOT converge
n_local: 4096
r0 norm: 0.0007067016185784143
n_local: 4096
rk norm: 6.989502302498889e-12
Residual ratio: 9.890315967520806e-09
Last time step
did converge, i = 300
timing 0: 2201.44829249382
Nt, N, Error is:  1024,  512,  4.659469330347642e-08
/var/lib/torque/server_priv/accounting/20211214: No such file or directory
/var/lib/torque/server_logs/20211214: No such file or directory
/var/lib/torque/mom_logs/20211214: No matching job records located
/var/lib/torque/sched_logs/20211214: No such file or directory
Wheeler Portable Batch System Epilogue
