Wheeler Portable Batch System Prologue
Job Id: 1735466.wheeler-sn.alliance.unm.edu
Username: jtran989
Job 1735466.wheeler-sn.alliance.unm.edu running on nodes:
wheeler074 

prologue running on host: wheeler074
Agent pid 28260
Identity added: /users/jtran989/.ssh/true_id_rsa (/users/jtran989/.ssh/true_id_rsa)
tol: 1e-15
new communication (chunks with multiple messages): True
chunk size: 400
number of processes: 4
Nt values: [1024]
N values: [128]
T: 0.25
n_local: 4096
r0 norm: 3.304095432508561e-05
n_local: 4096
rk norm: 1.7061016724221881e-13
Residual ratio: 5.1635968369317594e-09
First time step
did NOT converge
n_local: 4096
r0 norm: 0.0555521057978893
n_local: 4096
rk norm: 7.290855978125608e-13
Residual ratio: 1.3124355725868135e-11
Last time step
did NOT converge
timing 0: 304.14120411872864
Nt, N, Error is:  1024,  128,  7.944603805680764e-07
/var/lib/torque/server_priv/accounting/20211214: No such file or directory
/var/lib/torque/server_logs/20211214: No such file or directory
/var/lib/torque/mom_logs/20211214: No matching job records located
/var/lib/torque/sched_logs/20211214: No such file or directory
Wheeler Portable Batch System Epilogue
