Wheeler Portable Batch System Prologue
Job Id: 1735512.wheeler-sn.alliance.unm.edu
Username: jtran989
Job 1735512.wheeler-sn.alliance.unm.edu running on nodes:
wheeler077 wheeler014 

prologue running on host: wheeler077
Agent pid 27917
Identity added: /users/jtran989/.ssh/true_id_rsa (/users/jtran989/.ssh/true_id_rsa)
Agent pid 11849
Identity added: /users/jtran989/.ssh/true_id_rsa (/users/jtran989/.ssh/true_id_rsa)
tol: 1e-08
new communication (chunks with multiple messages): True
chunk size: 400
number of processes: 16
Nt values: [256]
N values: [400]
T: 0.0064
n_local: 10000
r0 norm: 8.60784485191193e-07
n_local: 10000
rk norm: 5.652546838872791e-13
Residual ratio: 6.566738755307929e-07
First time step
did NOT converge
n_local: 10000
r0 norm: 0.00038566760996783326
n_local: 10000
rk norm: 3.814212590254557e-12
Residual ratio: 9.889896096207515e-09
Last time step
did converge, i = 300
timing 0: 1181.2776157855988
Nt, N, Error is:  256,  400,  4.566942267109437e-08
/var/lib/torque/server_priv/accounting/20211214: No such file or directory
/var/lib/torque/server_logs/20211214: No such file or directory
/var/lib/torque/mom_logs/20211214: No matching job records located
/var/lib/torque/sched_logs/20211214: No such file or directory
Wheeler Portable Batch System Epilogue
