Wheeler Portable Batch System Prologue
Job Id: 1735508.wheeler-sn.alliance.unm.edu
Username: jtran989
Job 1735508.wheeler-sn.alliance.unm.edu running on nodes:
wheeler084 

prologue running on host: wheeler084
Agent pid 28920
Identity added: /users/jtran989/.ssh/true_id_rsa (/users/jtran989/.ssh/true_id_rsa)
tol: 1e-08
new communication (chunks with multiple messages): True
chunk size: 400
number of processes: 4
Nt values: [64]
N values: [200]
T: 0.0064
n_local: 10000
r0 norm: 8.05659301124119e-06
n_local: 10000
rk norm: 3.156959256513541e-13
Residual ratio: 3.9184792530896173e-08
First time step
did NOT converge
n_local: 10000
r0 norm: 0.0009016543433105314
n_local: 10000
rk norm: 8.997798641727314e-12
Residual ratio: 9.979210668126794e-09
Last time step
did converge, i = 299
timing 0: 35.163230657577515
Nt, N, Error is:  64,  200,  1.979353475761245e-07
/var/lib/torque/server_priv/accounting/20211214: No such file or directory
/var/lib/torque/server_logs/20211214: No such file or directory
/var/lib/torque/mom_logs/20211214: No matching job records located
/var/lib/torque/sched_logs/20211214: No such file or directory
Wheeler Portable Batch System Epilogue
