Wheeler Portable Batch System Prologue
Job Id: 1735513.wheeler-sn.alliance.unm.edu
Username: jtran989
Job 1735513.wheeler-sn.alliance.unm.edu running on nodes:
wheeler046 wheeler045 

prologue running on host: wheeler046
Agent pid 4660
Identity added: /users/jtran989/.ssh/true_id_rsa (/users/jtran989/.ssh/true_id_rsa)
Agent pid 30849
Identity added: /users/jtran989/.ssh/true_id_rsa (/users/jtran989/.ssh/true_id_rsa)
tol: 1e-10
new communication (chunks with multiple messages): True
chunk size: 400
number of processes: 16
Nt values: [256]
N values: [400]
T: 0.0064
n_local: 10000
r0 norm: 8.60784485191193e-07
n_local: 10000
rk norm: 5.652546838872791e-13
Residual ratio: 6.566738755307929e-07
First time step
did NOT converge
n_local: 10000
r0 norm: 0.0003856676088754704
n_local: 10000
rk norm: 5.821639626339993e-13
Residual ratio: 1.5094966474666435e-09
Last time step
did NOT converge
timing 0: 1418.5259022712708
Nt, N, Error is:  256,  400,  4.5670351513529574e-08
/var/lib/torque/server_priv/accounting/20211214: No such file or directory
/var/lib/torque/server_logs/20211214: No such file or directory
/var/lib/torque/mom_logs/20211214: No matching job records located
/var/lib/torque/sched_logs/20211214: No such file or directory
Wheeler Portable Batch System Epilogue
