Wheeler Portable Batch System Prologue
Job Id: 1735498.wheeler-sn.alliance.unm.edu
Username: jtran989
Job 1735498.wheeler-sn.alliance.unm.edu running on nodes:
wheeler215 wheeler117 wheeler116 wheeler114 wheeler113 wheeler106 wheeler104 wheeler103 

prologue running on host: wheeler215
Agent pid 6539
Identity added: /users/jtran989/.ssh/true_id_rsa (/users/jtran989/.ssh/true_id_rsa)
Agent pid 5852
Identity added: /users/jtran989/.ssh/true_id_rsa (/users/jtran989/.ssh/true_id_rsa)
Agent pid 13122
Agent pid 21568
Agent pid 13385
Agent pid 3121
Identity added: /users/jtran989/.ssh/true_id_rsa (/users/jtran989/.ssh/true_id_rsa)
Agent pid 19928
Identity added: /users/jtran989/.ssh/true_id_rsa (/users/jtran989/.ssh/true_id_rsa)
Agent pid 17305
Identity added: /users/jtran989/.ssh/true_id_rsa (/users/jtran989/.ssh/true_id_rsa)
Identity added: /users/jtran989/.ssh/true_id_rsa (/users/jtran989/.ssh/true_id_rsa)
Identity added: /users/jtran989/.ssh/true_id_rsa (/users/jtran989/.ssh/true_id_rsa)
Identity added: /users/jtran989/.ssh/true_id_rsa (/users/jtran989/.ssh/true_id_rsa)
tol: 1e-15
new communication (chunks with multiple messages): True
chunk size: 400
number of processes: 64
Nt values: [1024]
N values: [128]
T: 0.25
n_local: 256
r0 norm: 3.304095432539274e-05
n_local: 256
rk norm: 1.737521514009564e-13
Residual ratio: 5.258690463048274e-09
First time step
did NOT converge
n_local: 256
r0 norm: 0.05555210579788943
n_local: 256
rk norm: 7.298715430177168e-13
Residual ratio: 1.3138503618083305e-11
Last time step
did NOT converge
timing 0: 263.95795726776123
Nt, N, Error is:  1024,  128,  7.944603805617886e-07
/var/lib/torque/server_priv/accounting/20211214: No such file or directory
/var/lib/torque/server_logs/20211214: No such file or directory
/var/lib/torque/mom_logs/20211214: No matching job records located
/var/lib/torque/sched_logs/20211214: No such file or directory
Wheeler Portable Batch System Epilogue
