Wheeler Portable Batch System Prologue
Job Id: 1735464.wheeler-sn.alliance.unm.edu
Username: jtran989
Job 1735464.wheeler-sn.alliance.unm.edu running on nodes:
wheeler076 

prologue running on host: wheeler076
Agent pid 28475
Identity added: /users/jtran989/.ssh/true_id_rsa (/users/jtran989/.ssh/true_id_rsa)
tol: 1e-08
new communication (chunks with multiple messages): True
chunk size: 400
number of processes: 4
Nt values: [1024]
N values: [128]
T: 0.25
n_local: 4096
r0 norm: 3.304095432508561e-05
n_local: 4096
rk norm: 3.2775547481142925e-13
Residual ratio: 9.919673372224245e-09
First time step
did converge, i = 293
n_local: 4096
r0 norm: 0.055552106093093495
n_local: 4096
rk norm: 5.260670814587325e-10
Residual ratio: 9.469795448927827e-09
Last time step
did converge, i = 291
timing 0: 221.8104763031006
Nt, N, Error is:  1024,  128,  7.942573540810394e-07
/var/lib/torque/server_priv/accounting/20211214: No such file or directory
/var/lib/torque/server_logs/20211214: No such file or directory
/var/lib/torque/mom_logs/20211214: No matching job records located
/var/lib/torque/sched_logs/20211214: No such file or directory
Wheeler Portable Batch System Epilogue
