Wheeler Portable Batch System Prologue
Job Id: 1735576.wheeler-sn.alliance.unm.edu
Username: jtran989
Job 1735576.wheeler-sn.alliance.unm.edu running on nodes:
wheeler215 wheeler197 wheeler156 wheeler150 wheeler117 wheeler116 wheeler114 wheeler113 wheeler106 wheeler104 wheeler103 wheeler076 wheeler073 wheeler046 wheeler045 wheeler041 

prologue running on host: wheeler215
Agent pid 17806
Identity added: /users/jtran989/.ssh/true_id_rsa (/users/jtran989/.ssh/true_id_rsa)
Agent pid 27907
Agent pid 11105
Agent pid 17276
Agent pid 29556
Agent pid 23225
Agent pid 21110
Agent pid 21369
Identity added: /users/jtran989/.ssh/true_id_rsa (/users/jtran989/.ssh/true_id_rsa)
Agent pid 13132
Identity added: /users/jtran989/.ssh/true_id_rsa (/users/jtran989/.ssh/true_id_rsa)
Identity added: /users/jtran989/.ssh/true_id_rsa (/users/jtran989/.ssh/true_id_rsa)
Identity added: /users/jtran989/.ssh/true_id_rsa (/users/jtran989/.ssh/true_id_rsa)
Agent pid 25393
Agent pid 2431
Identity added: /users/jtran989/.ssh/true_id_rsa (/users/jtran989/.ssh/true_id_rsa)
Agent pid 3655
Identity added: /users/jtran989/.ssh/true_id_rsa (/users/jtran989/.ssh/true_id_rsa)
Agent pid 16375
Identity added: /users/jtran989/.ssh/true_id_rsa (/users/jtran989/.ssh/true_id_rsa)
Identity added: /users/jtran989/.ssh/true_id_rsa (/users/jtran989/.ssh/true_id_rsa)
Identity added: /users/jtran989/.ssh/true_id_rsa (/users/jtran989/.ssh/true_id_rsa)
Identity added: /users/jtran989/.ssh/true_id_rsa (/users/jtran989/.ssh/true_id_rsa)
Identity added: /users/jtran989/.ssh/true_id_rsa (/users/jtran989/.ssh/true_id_rsa)
Agent pid 29490
Identity added: /users/jtran989/.ssh/true_id_rsa (/users/jtran989/.ssh/true_id_rsa)
Identity added: /users/jtran989/.ssh/true_id_rsa (/users/jtran989/.ssh/true_id_rsa)
Agent pid 20042
Identity added: /users/jtran989/.ssh/true_id_rsa (/users/jtran989/.ssh/true_id_rsa)
Agent pid 17679
Identity added: /users/jtran989/.ssh/true_id_rsa (/users/jtran989/.ssh/true_id_rsa)
tol: 0.0001
new communication (chunks with multiple messages): True
chunk size: 400
number of processes: 128
Nt values: [1024]
N values: [128]
T: 0.25
n_local: 128
r0 norm: 3.304095432443132e-05
n_local: 128
rk norm: 3.2961367431023203e-09
Residual ratio: 9.975912652937731e-05
First time step
did converge, i = 141
n_local: 128
r0 norm: 0.05555536134233981
n_local: 128
rk norm: 5.4432816214612156e-06
Residual ratio: 9.797941170644112e-05
Last time step
did converge, i = 140
timing 0: 117.88689827919006
Nt, N, Error is:  1024,  128,  1.2218475270191735e-06
/var/lib/torque/server_priv/accounting/20211214: No such file or directory
/var/lib/torque/server_logs/20211214: No such file or directory
/var/lib/torque/mom_logs/20211214: No matching job records located
/var/lib/torque/sched_logs/20211214: No such file or directory
Wheeler Portable Batch System Epilogue
