Wheeler Portable Batch System Prologue
Job Id: 1732905.wheeler-sn.alliance.unm.edu
Username: jtran989
Job 1732905.wheeler-sn.alliance.unm.edu running on nodes:
wheeler192 wheeler191 wheeler190 wheeler189 wheeler184 wheeler183 wheeler181 wheeler178 

prologue running on host: wheeler192
Agent pid 10014
Identity added: /users/jtran989/.ssh/true_id_rsa (/users/jtran989/.ssh/true_id_rsa)
Agent pid 17766
Agent pid 398
Agent pid 8765
Identity added: /users/jtran989/.ssh/true_id_rsa (/users/jtran989/.ssh/true_id_rsa)
Identity added: /users/jtran989/.ssh/true_id_rsa (/users/jtran989/.ssh/true_id_rsa)
Identity added: /users/jtran989/.ssh/true_id_rsa (/users/jtran989/.ssh/true_id_rsa)
Agent pid 16525
Agent pid 19169
Identity added: /users/jtran989/.ssh/true_id_rsa (/users/jtran989/.ssh/true_id_rsa)
Identity added: /users/jtran989/.ssh/true_id_rsa (/users/jtran989/.ssh/true_id_rsa)
Agent pid 28285
Agent pid 17921
Identity added: /users/jtran989/.ssh/true_id_rsa (/users/jtran989/.ssh/true_id_rsa)
Identity added: /users/jtran989/.ssh/true_id_rsa (/users/jtran989/.ssh/true_id_rsa)
tol: 1e-08
timing: 113.36432981491089
Nt, N, Error is:  768,  64,  3.117640778066211e-06
number of processes: 64
Wheeler Portable Batch System Epilogue
