Wheeler Portable Batch System Prologue
Job Id: 1735495.wheeler-sn.alliance.unm.edu
Username: jtran989
Job 1735495.wheeler-sn.alliance.unm.edu running on nodes:
wheeler085 wheeler076 wheeler044 wheeler043 wheeler038 wheeler037 wheeler022 wheeler021 

prologue running on host: wheeler085
Agent pid 19240
Identity added: /users/jtran989/.ssh/true_id_rsa (/users/jtran989/.ssh/true_id_rsa)
Agent pid 8887
Agent pid 5086
Agent pid 31172
Agent pid 628
Identity added: /users/jtran989/.ssh/true_id_rsa (/users/jtran989/.ssh/true_id_rsa)
Agent pid 5227
Agent pid 26653
Agent pid 19088
Identity added: /users/jtran989/.ssh/true_id_rsa (/users/jtran989/.ssh/true_id_rsa)
Identity added: /users/jtran989/.ssh/true_id_rsa (/users/jtran989/.ssh/true_id_rsa)
Identity added: /users/jtran989/.ssh/true_id_rsa (/users/jtran989/.ssh/true_id_rsa)
Identity added: /users/jtran989/.ssh/true_id_rsa (/users/jtran989/.ssh/true_id_rsa)
Identity added: /users/jtran989/.ssh/true_id_rsa (/users/jtran989/.ssh/true_id_rsa)
Identity added: /users/jtran989/.ssh/true_id_rsa (/users/jtran989/.ssh/true_id_rsa)
tol: 0.0001
new communication (chunks with multiple messages): True
chunk size: 400
number of processes: 64
Nt values: [1024]
N values: [128]
T: 0.25
n_local: 256
r0 norm: 3.304095432539274e-05
n_local: 256
rk norm: 3.2961366168213265e-09
Residual ratio: 9.975912270452095e-05
First time step
did converge, i = 141
n_local: 256
r0 norm: 0.05555536134233968
n_local: 256
rk norm: 5.443281621647613e-06
Residual ratio: 9.797941170979651e-05
Last time step
did converge, i = 140
timing 0: 99.44164824485779
Nt, N, Error is:  1024,  128,  1.2218475270160276e-06
/var/lib/torque/server_priv/accounting/20211214: No such file or directory
/var/lib/torque/server_logs/20211214: No such file or directory
/var/lib/torque/mom_logs/20211214: No matching job records located
/var/lib/torque/sched_logs/20211214: No such file or directory
Wheeler Portable Batch System Epilogue
