Wheeler Portable Batch System Prologue
Job Id: 1735454.wheeler-sn.alliance.unm.edu
Username: jtran989
Job 1735454.wheeler-sn.alliance.unm.edu running on nodes:
wheeler086 

prologue running on host: wheeler086
Agent pid 12308
Identity added: /users/jtran989/.ssh/true_id_rsa (/users/jtran989/.ssh/true_id_rsa)
tol: 0.0001
new communication (chunks with multiple messages): True
chunk size: 400
number of processes: 2
Nt values: [1024]
N values: [128]
T: 0.25
n_local: 8192
r0 norm: 3.304095432529959e-05
n_local: 8192
rk norm: 3.2961362023779418e-09
Residual ratio: 9.975911016147851e-05
First time step
did converge, i = 141
n_local: 8192
r0 norm: 0.05555536134233943
n_local: 8192
rk norm: 5.443281621834936e-06
Residual ratio: 9.797941171316877e-05
Last time step
did converge, i = 140
timing 0: 123.3425657749176
Nt, N, Error is:  1024,  128,  1.2218475270217588e-06
/var/lib/torque/server_priv/accounting/20211214: No such file or directory
/var/lib/torque/server_logs/20211214: No such file or directory
/var/lib/torque/mom_logs/20211214: No matching job records located
/var/lib/torque/sched_logs/20211214: No such file or directory
Wheeler Portable Batch System Epilogue
